{"logTime": "1029/224750", "correlationVector":"cl8GdakNwN/HzfM19aBQtg.53","action":"GetUpdates", "result":"DeleteReceived", "context":{"id":"786f8031-02b8-46f8-b45d-297035c015ea", "isDeleted:":"true", "version":"1698302464541"}}
{"logTime": "1029/224750", "correlationVector":"cl8GdakNwN/HzfM19aBQtg.54","action":"GetUpdates", "result":"DeleteReceived", "context":{"id":"0e35b50f-2fb4-4881-a6cb-5cc7333b7fa5", "isDeleted:":"true", "version":"1698368078345"}}
{"logTime": "1029/224750", "correlationVector":"cl8GdakNwN/HzfM19aBQtg.55","action":"GetUpdates", "result":"DeleteReceived", "context":{"id":"57356f76-eddf-4567-89f1-5ce8189c1359", "isDeleted:":"true", "version":"1698368078346"}}
{"logTime": "1029/224750", "correlationVector":"cl8GdakNwN/HzfM19aBQtg.56","action":"GetUpdates", "result":"DeleteReceived", "context":{"id":"ec437b7c-15bc-4ab0-8e18-47344cfc90cb", "isDeleted:":"true", "version":"1698368078347"}}
{"logTime": "1029/224750", "correlationVector":"cl8GdakNwN/HzfM19aBQtg.57","action":"GetUpdates", "result":"DeleteReceived", "context":{"id":"b50b248a-196f-4951-b2c9-f3846ba4a47a", "isDeleted:":"true", "version":"1698368078348"}}
{"logTime": "1029/224750", "correlationVector":"cl8GdakNwN/HzfM19aBQtg.58","action":"GetUpdates", "result":"DeleteReceived", "context":{"id":"ab4dbccc-0707-4f1d-954e-3644dd4c61cf", "isDeleted:":"true", "version":"1698368078350"}}
{"logTime": "1029/224750", "correlationVector":"cl8GdakNwN/HzfM19aBQtg.59","action":"GetUpdates", "result":"DeleteReceived", "context":{"id":"6c89d306-9b8f-4e8f-b65e-cb73612429e1", "isDeleted:":"true", "version":"1698368078351"}}
{"logTime": "1029/224750", "correlationVector":"cl8GdakNwN/HzfM19aBQtg.60","action":"GetUpdates", "result":"DeleteReceived", "context":{"id":"121973ed-e1cd-439e-842b-d3df7d425612", "isDeleted:":"true", "version":"1698368177249"}}
{"logTime": "1029/224750", "correlationVector":"cl8GdakNwN/HzfM19aBQtg.61","action":"GetUpdates", "result":"DeleteReceived", "context":{"id":"8c3e1522-612c-4a38-9785-207fa12c4870", "isDeleted:":"true", "version":"1698368428747"}}
{"logTime": "1029/224750", "correlationVector":"cl8GdakNwN/HzfM19aBQtg.62","action":"GetUpdates", "result":"DeleteReceived", "context":{"id":"849a3be9-30c5-4387-8779-8514d7d30a23", "isDeleted:":"true", "version":"1698368489819"}}
{"logTime": "1029/224750", "correlationVector":"cl8GdakNwN/HzfM19aBQtg.63","action":"GetUpdates", "result":"DeleteReceived", "context":{"id":"7f469be6-f0e8-42cd-89f2-93e92cb4caf4", "isDeleted:":"true", "version":"1698368587243"}}
{"logTime": "1029/224750", "correlationVector":"cl8GdakNwN/HzfM19aBQtg.64","action":"GetUpdates", "result":"DeleteReceived", "context":{"id":"a8d42f8f-0dcb-4c31-acde-ff434a29d209", "isDeleted:":"true", "version":"1698368720483"}}
{"logTime": "1029/224750", "correlationVector":"cl8GdakNwN/HzfM19aBQtg.65","action":"GetUpdates", "result":"DeleteReceived", "context":{"id":"a0baadab-de5e-4af2-b523-591057302ffa", "isDeleted:":"true", "version":"1698372121898"}}
{"logTime": "1029/224750", "correlationVector":"cl8GdakNwN/HzfM19aBQtg.66","action":"GetUpdates", "result":"DeleteReceived", "context":{"id":"75c212b3-4653-4820-bc9f-6c456b595c18", "isDeleted:":"true", "version":"1698372121900"}}
{"logTime": "1029/224750", "correlationVector":"cl8GdakNwN/HzfM19aBQtg.67","action":"GetUpdates", "result":"DeleteReceived", "context":{"id":"c387bc0c-e022-4670-aad8-369557a62466", "isDeleted:":"true", "version":"1698372540540"}}
{"logTime": "1029/224750", "correlationVector":"cl8GdakNwN/HzfM19aBQtg.68","action":"GetUpdates", "result":"DeleteReceived", "context":{"id":"60206974-a660-4b28-8519-e438f7f5a6e0", "isDeleted:":"true", "version":"1698372540543"}}
{"logTime": "1029/224750", "correlationVector":"cl8GdakNwN/HzfM19aBQtg.69","action":"GetUpdates", "result":"DeleteReceived", "context":{"id":"1357b454-4163-4bbe-a29c-e5140c695344", "isDeleted:":"true", "version":"1698372704983"}}
{"logTime": "1029/224750", "correlationVector":"cl8GdakNwN/HzfM19aBQtg.70","action":"GetUpdates", "result":"DeleteReceived", "context":{"id":"cd44d535-fb03-410c-bbea-812da28d01be", "isDeleted:":"true", "version":"1698373157112"}}
{"logTime": "1029/224750", "correlationVector":"cl8GdakNwN/HzfM19aBQtg.71","action":"GetUpdates", "result":"DeleteReceived", "context":{"id":"5e574dcd-bd3f-403b-8202-b298fbbabad0", "isDeleted:":"true", "version":"1698373318344"}}
{"logTime": "1029/224750", "correlationVector":"cl8GdakNwN/HzfM19aBQtg.72","action":"GetUpdates", "result":"DeleteReceived", "context":{"id":"2eb0e452-44b8-48d0-8031-090f0828e8c7", "isDeleted:":"true", "version":"1698373318347"}}
{"logTime": "1029/224750", "correlationVector":"cl8GdakNwN/HzfM19aBQtg.73","action":"GetUpdates", "result":"DeleteReceived", "context":{"id":"76704861-2921-4b5d-9095-adf2dc1308fa", "isDeleted:":"true", "version":"1698373399767"}}
{"logTime": "1029/224750", "correlationVector":"cl8GdakNwN/HzfM19aBQtg.74","action":"GetUpdates", "result":"DeleteReceived", "context":{"id":"26b8d391-105b-496d-a9eb-b57235c24830", "isDeleted:":"true", "version":"1698373430675"}}
{"logTime": "1029/224750", "correlationVector":"cl8GdakNwN/HzfM19aBQtg.75","action":"GetUpdates", "result":"DeleteReceived", "context":{"id":"e8870166-99ae-4547-81f3-965ca589f3db", "isDeleted:":"true", "version":"1698373510622"}}
{"logTime": "1029/224750", "correlationVector":"cl8GdakNwN/HzfM19aBQtg.76","action":"GetUpdates", "result":"DeleteReceived", "context":{"id":"cee9aa76-c6a6-41b9-8b08-54ef45c9718d", "isDeleted:":"true", "version":"1698373541432"}}
{"logTime": "1029/224750", "correlationVector":"cl8GdakNwN/HzfM19aBQtg.77","action":"GetUpdates", "result":"DeleteReceived", "context":{"id":"44907ef8-2b30-4615-92dc-283a0cc92e3b", "isDeleted:":"true", "version":"1698374559234"}}
{"logTime": "1029/224750", "correlationVector":"cl8GdakNwN/HzfM19aBQtg.78","action":"GetUpdates", "result":"DeleteReceived", "context":{"id":"ad07bcf4-5740-4a08-a8bc-4147a492156d", "isDeleted:":"true", "version":"1698374857378"}}
{"logTime": "1029/224750", "correlationVector":"cl8GdakNwN/HzfM19aBQtg.79","action":"GetUpdates", "result":"DeleteReceived", "context":{"id":"454ff6df-6405-4679-806d-bf52dcca8ba3", "isDeleted:":"true", "version":"1698375270928"}}
{"logTime": "1029/224750", "correlationVector":"cl8GdakNwN/HzfM19aBQtg.80","action":"GetUpdates", "result":"DeleteReceived", "context":{"id":"b36bd77c-f5bc-4cc5-8e0d-1a47fae7bff3", "isDeleted:":"true", "version":"1698378437353"}}
{"logTime": "1029/224750", "correlationVector":"cl8GdakNwN/HzfM19aBQtg.81","action":"GetUpdates", "result":"DeleteReceived", "context":{"id":"0de68f52-67e3-403f-aea9-d21239b59242", "isDeleted:":"true", "version":"1698378437354"}}
{"logTime": "1029/224750", "correlationVector":"cl8GdakNwN/HzfM19aBQtg.82","action":"GetUpdates", "result":"DeleteReceived", "context":{"id":"6eb52662-e213-401a-aa6f-42f7233f7f8f", "isDeleted:":"true", "version":"1698378437357"}}
{"logTime": "1029/224750", "correlationVector":"cl8GdakNwN/HzfM19aBQtg.83","action":"GetUpdates", "result":"DeleteReceived", "context":{"id":"24aafdaa-a5c4-4476-8c90-15f5bb785633", "isDeleted:":"true", "version":"1698380284315"}}
{"logTime": "1029/224750", "correlationVector":"cl8GdakNwN/HzfM19aBQtg.84","action":"GetUpdates", "result":"DeleteReceived", "context":{"id":"eb6685b1-73d9-4e75-825f-68429836b286", "isDeleted:":"true", "version":"1698380284317"}}
{"logTime": "1029/224750", "correlationVector":"cl8GdakNwN/HzfM19aBQtg.85","action":"GetUpdates", "result":"DeleteReceived", "context":{"id":"904527b8-a6c8-424a-bff8-b4948e786db8", "isDeleted:":"true", "version":"1698381285683"}}
{"logTime": "1029/224750", "correlationVector":"cl8GdakNwN/HzfM19aBQtg.86","action":"GetUpdates", "result":"DeleteReceived", "context":{"id":"3c035fd1-1226-4595-abb4-212a75829cfe", "isDeleted:":"true", "version":"1698381285684"}}
{"logTime": "1029/224750", "correlationVector":"cl8GdakNwN/HzfM19aBQtg.87","action":"GetUpdates", "result":"DeleteReceived", "context":{"id":"559de68e-45af-417d-8be5-e8b7b3b6debe", "isDeleted:":"true", "version":"1698381878266"}}
{"logTime": "1029/224750", "correlationVector":"cl8GdakNwN/HzfM19aBQtg.88","action":"GetUpdates", "result":"DeleteReceived", "context":{"id":"6c6ab254-4f94-490b-97ac-251923581385", "isDeleted:":"true", "version":"1698382433601"}}
{"logTime": "1029/224750", "correlationVector":"cl8GdakNwN/HzfM19aBQtg.89","action":"GetUpdates", "result":"DeleteReceived", "context":{"id":"7e8f831e-cfd3-494d-bdbb-550daac4a814", "isDeleted:":"true", "version":"1698382538825"}}
{"logTime": "1029/224750", "correlationVector":"cl8GdakNwN/HzfM19aBQtg.90","action":"GetUpdates", "result":"DeleteReceived", "context":{"id":"c07481a5-7792-4429-81b4-ea39b1b25c45", "isDeleted:":"true", "version":"1698382538826"}}
{"logTime": "1029/224750", "correlationVector":"cl8GdakNwN/HzfM19aBQtg.91","action":"GetUpdates", "result":"DeleteReceived", "context":{"id":"b176d3e6-ceb3-4bc1-a790-82808df28e75", "isDeleted:":"true", "version":"1698382625316"}}
{"logTime": "1029/224750", "correlationVector":"cl8GdakNwN/HzfM19aBQtg.92","action":"GetUpdates", "result":"DeleteReceived", "context":{"id":"423e8ec2-ef0a-4441-af46-81388855379f", "isDeleted:":"true", "version":"1698382832760"}}
{"logTime": "1029/224750", "correlationVector":"cl8GdakNwN/HzfM19aBQtg.93","action":"GetUpdates", "result":"DeleteReceived", "context":{"id":"82709c0f-c3b3-4f7c-80f3-b4f63c875208", "isDeleted:":"true", "version":"1698382880182"}}
{"logTime": "1029/224750", "correlationVector":"cl8GdakNwN/HzfM19aBQtg.94","action":"GetUpdates", "result":"DeleteReceived", "context":{"id":"c607a556-2f51-4b9c-9fad-0d4d6bf06d82", "isDeleted:":"true", "version":"1698383400333"}}
{"logTime": "1029/224750", "correlationVector":"cl8GdakNwN/HzfM19aBQtg.95","action":"GetUpdates", "result":"DeleteReceived", "context":{"id":"a7536dbb-804b-4baa-a3c2-94cc45da89dc", "isDeleted:":"true", "version":"1698384139597"}}
{"logTime": "1029/224750", "correlationVector":"cl8GdakNwN/HzfM19aBQtg.96","action":"GetUpdates", "result":"DeleteReceived", "context":{"id":"d71765dc-6fa9-4a24-8f70-3155182b23f5", "isDeleted:":"true", "version":"1698386157061"}}
{"logTime": "1029/224750", "correlationVector":"cl8GdakNwN/HzfM19aBQtg.97","action":"GetUpdates", "result":"DeleteReceived", "context":{"id":"05a08097-e301-4297-9f41-46b8aee22340", "isDeleted:":"true", "version":"1698387718922"}}
{"logTime": "1029/224750", "correlationVector":"cl8GdakNwN/HzfM19aBQtg.98","action":"GetUpdates", "result":"DeleteReceived", "context":{"id":"afbec50a-a803-45c5-9413-d1d630e41586", "isDeleted:":"true", "version":"1698387718923"}}
{"logTime": "1029/224750", "correlationVector":"cl8GdakNwN/HzfM19aBQtg.99","action":"GetUpdates", "result":"DeleteReceived", "context":{"id":"8a64b3d9-e3c4-43f1-9fea-3202b58c4aa2", "isDeleted:":"true", "version":"1698388064474"}}
{"logTime": "1029/224750", "correlationVector":"cl8GdakNwN/HzfM19aBQtg.100","action":"GetUpdates", "result":"DeleteReceived", "context":{"id":"118d448b-9241-4b05-adaf-1a74676d3526", "isDeleted:":"true", "version":"1698388416659"}}
{"logTime": "1029/224750", "correlationVector":"cl8GdakNwN/HzfM19aBQtg.101","action":"GetUpdates", "result":"DeleteReceived", "context":{"id":"16a4941e-f432-4c12-8a6b-e7bfdc77259e", "isDeleted:":"true", "version":"1698388416661"}}
{"logTime": "1029/224750", "correlationVector":"cl8GdakNwN/HzfM19aBQtg.102","action":"GetUpdates", "result":"DeleteReceived", "context":{"id":"2973f345-581b-4cce-ae63-67882460bf57", "isDeleted:":"true", "version":"1698388539547"}}
{"logTime": "1029/224750", "correlationVector":"cl8GdakNwN/HzfM19aBQtg.103","action":"GetUpdates", "result":"DeleteReceived", "context":{"id":"38cdd5c3-f72c-445e-83a4-a079e46c40ba", "isDeleted:":"true", "version":"1698388729394"}}
{"logTime": "1029/224750", "correlationVector":"cl8GdakNwN/HzfM19aBQtg.104","action":"GetUpdates", "result":"DeleteReceived", "context":{"id":"1046ea75-676e-43a7-86a4-1b11ce5b3255", "isDeleted:":"true", "version":"1698388760235"}}
{"logTime": "1029/224750", "correlationVector":"cl8GdakNwN/HzfM19aBQtg.105","action":"GetUpdates", "result":"DeleteReceived", "context":{"id":"513ca70f-d192-4c6c-9d49-832f4cec4d9e", "isDeleted:":"true", "version":"1698388798827"}}
{"logTime": "1029/224750", "correlationVector":"cl8GdakNwN/HzfM19aBQtg.106","action":"GetUpdates", "result":"DeleteReceived", "context":{"id":"e51ed490-99ba-4291-87bb-230c0cb41803", "isDeleted:":"true", "version":"1698389043548"}}
{"logTime": "1029/224750", "correlationVector":"cl8GdakNwN/HzfM19aBQtg.107","action":"GetUpdates", "result":"DeleteReceived", "context":{"id":"799658de-ba5d-4cf8-ac0e-e82afa40c851", "isDeleted:":"true", "version":"1698389069866"}}
{"logTime": "1029/224750", "correlationVector":"cl8GdakNwN/HzfM19aBQtg.108","action":"GetUpdates", "result":"DeleteReceived", "context":{"id":"2363f802-a549-41da-bad0-4bcc7fe272f9", "isDeleted:":"true", "version":"1698390405045"}}
{"logTime": "1029/224750", "correlationVector":"cl8GdakNwN/HzfM19aBQtg.109","action":"GetUpdates", "result":"DeleteReceived", "context":{"id":"c5b977f8-b7f7-4989-8f7f-05f9e1fb7338", "isDeleted:":"true", "version":"1698391882985"}}
{"logTime": "1029/224750", "correlationVector":"cl8GdakNwN/HzfM19aBQtg.110","action":"GetUpdates", "result":"DeleteReceived", "context":{"id":"aaaf543b-3cc3-4919-b5a1-2bea457d5178", "isDeleted:":"true", "version":"1698392373716"}}
{"logTime": "1029/224750", "correlationVector":"cl8GdakNwN/HzfM19aBQtg.111","action":"GetUpdates", "result":"DeleteReceived", "context":{"id":"19f43900-1127-4b82-a246-4ba6bfa38598", "isDeleted:":"true", "version":"1698392684098"}}
{"logTime": "1029/224750", "correlationVector":"cl8GdakNwN/HzfM19aBQtg.112","action":"GetUpdates", "result":"DeleteReceived", "context":{"id":"3897aa02-4b02-402b-b59d-99a9cb672887", "isDeleted:":"true", "version":"1698394237334"}}
{"logTime": "1029/224750", "correlationVector":"cl8GdakNwN/HzfM19aBQtg.113","action":"GetUpdates", "result":"DeleteReceived", "context":{"id":"a5e410f7-a261-4d8a-9204-627d5aa5877e", "isDeleted:":"true", "version":"1698395101090"}}
{"logTime": "1029/224750", "correlationVector":"cl8GdakNwN/HzfM19aBQtg.114","action":"GetUpdates", "result":"DeleteReceived", "context":{"id":"cb12cab6-98a7-4b76-bd0d-a89e9d463851", "isDeleted:":"true", "version":"1698395101091"}}
{"logTime": "1029/224750", "correlationVector":"cl8GdakNwN/HzfM19aBQtg.115","action":"GetUpdates", "result":"DeleteReceived", "context":{"id":"6971a8ee-bb7c-4bfe-a387-d8a9b5fe1d85", "isDeleted:":"true", "version":"1698395101092"}}
{"logTime": "1029/224750", "correlationVector":"cl8GdakNwN/HzfM19aBQtg.116","action":"GetUpdates", "result":"DeleteReceived", "context":{"id":"9ce5422b-cba9-4106-abc4-c04b4ba33e62", "isDeleted:":"true", "version":"1698395153345"}}
{"logTime": "1029/224750", "correlationVector":"cl8GdakNwN/HzfM19aBQtg.117","action":"GetUpdates", "result":"DeleteReceived", "context":{"id":"79f607cf-ae0a-452a-a5ae-70c9d01c3578", "isDeleted:":"true", "version":"1698395462550"}}
{"logTime": "1029/224750", "correlationVector":"cl8GdakNwN/HzfM19aBQtg.118","action":"GetUpdates", "result":"DeleteReceived", "context":{"id":"405447f3-a278-4e79-9470-0e7e7e78c959", "isDeleted:":"true", "version":"1698396217619"}}
{"logTime": "1029/224750", "correlationVector":"cl8GdakNwN/HzfM19aBQtg.119","action":"GetUpdates", "result":"DeleteReceived", "context":{"id":"d3e93eed-1aa7-4bad-8609-1f2ef1a30eb8", "isDeleted:":"true", "version":"1698396283256"}}
{"logTime": "1029/224750", "correlationVector":"cl8GdakNwN/HzfM19aBQtg.120","action":"GetUpdates", "result":"DeleteReceived", "context":{"id":"9dba6a67-a1c5-4ec9-b862-692227fac56e", "isDeleted:":"true", "version":"1698397308721"}}
{"logTime": "1029/224750", "correlationVector":"cl8GdakNwN/HzfM19aBQtg.121","action":"GetUpdates", "result":"DeleteReceived", "context":{"id":"cf7182a3-4934-45e0-809a-90d1f9d2a870", "isDeleted:":"true", "version":"1698397508589"}}
{"logTime": "1029/224750", "correlationVector":"cl8GdakNwN/HzfM19aBQtg.122","action":"GetUpdates", "result":"DeleteReceived", "context":{"id":"cb3107cb-63e9-477d-b84d-c5e73a15ab67", "isDeleted:":"true", "version":"1698397778220"}}
{"logTime": "1029/224750", "correlationVector":"cl8GdakNwN/HzfM19aBQtg.123","action":"GetUpdates", "result":"DeleteReceived", "context":{"id":"ec57e393-259c-4b17-b0a2-f3baf6c3ba64", "isDeleted:":"true", "version":"1698399048129"}}
{"logTime": "1029/224750", "correlationVector":"cl8GdakNwN/HzfM19aBQtg.124","action":"GetUpdates", "result":"DeleteReceived", "context":{"id":"e209b183-68dd-47f9-a921-72c7090318f8", "isDeleted:":"true", "version":"1698399221956"}}
{"logTime": "1029/224750", "correlationVector":"cl8GdakNwN/HzfM19aBQtg.125","action":"GetUpdates", "result":"DeleteReceived", "context":{"id":"6844eb3f-23f2-4519-b3d9-0f1c925df0fc", "isDeleted:":"true", "version":"1698399375523"}}
{"logTime": "1029/224750", "correlationVector":"cl8GdakNwN/HzfM19aBQtg.126","action":"GetUpdates", "result":"DeleteReceived", "context":{"id":"97395d04-d781-4f7f-ac4e-cb295f9cca9c", "isDeleted:":"true", "version":"1698399411681"}}
{"logTime": "1029/224750", "correlationVector":"cl8GdakNwN/HzfM19aBQtg.127","action":"GetUpdates", "result":"DeleteReceived", "context":{"id":"f3f66d65-d098-46e1-a42e-7e4bbe0f6de7", "isDeleted:":"true", "version":"1698399700208"}}
{"logTime": "1029/224750", "correlationVector":"cl8GdakNwN/HzfM19aBQtg.128","action":"GetUpdates", "result":"DeleteReceived", "context":{"id":"20165985-a835-4a72-b5dc-332ae00077d2", "isDeleted:":"true", "version":"1698399812863"}}
{"logTime": "1029/224750", "correlationVector":"cl8GdakNwN/HzfM19aBQtg.129","action":"GetUpdates", "result":"DeleteReceived", "context":{"id":"154858ef-3629-4d3c-9889-62b9ec85cdfe", "isDeleted:":"true", "version":"1698399822735"}}
{"logTime": "1029/224750", "correlationVector":"cl8GdakNwN/HzfM19aBQtg.130","action":"GetUpdates", "result":"DeleteReceived", "context":{"id":"73cd7362-7c72-46f0-93fb-2ae030f8c352", "isDeleted:":"true", "version":"1698399856439"}}
{"logTime": "1029/224750", "correlationVector":"cl8GdakNwN/HzfM19aBQtg.131","action":"GetUpdates", "result":"DeleteReceived", "context":{"id":"8d1fa9a6-2f06-43a2-bfa1-7846567ab2f9", "isDeleted:":"true", "version":"1698399856440"}}
{"logTime": "1029/224750", "correlationVector":"cl8GdakNwN/HzfM19aBQtg.132","action":"GetUpdates", "result":"DeleteReceived", "context":{"id":"4cf657a5-edeb-439d-88a7-a72f8b282204", "isDeleted:":"true", "version":"1698399856442"}}
{"logTime": "1029/224750", "correlationVector":"cl8GdakNwN/HzfM19aBQtg.133","action":"GetUpdates", "result":"DeleteReceived", "context":{"id":"689f086a-a981-4650-a805-b9d4b84a6531", "isDeleted:":"true", "version":"1698399894520"}}
{"logTime": "1029/224750", "correlationVector":"cl8GdakNwN/HzfM19aBQtg.134","action":"GetUpdates", "result":"DeleteReceived", "context":{"id":"2fa26262-ac5b-4ec5-8799-75369d4fae84", "isDeleted:":"true", "version":"1698400172666"}}
{"logTime": "1029/224750", "correlationVector":"cl8GdakNwN/HzfM19aBQtg.135","action":"GetUpdates", "result":"DeleteReceived", "context":{"id":"dd87864c-2f51-426b-8cc0-2f5857b16dbb", "isDeleted:":"true", "version":"1698400326109"}}
{"logTime": "1029/224750", "correlationVector":"cl8GdakNwN/HzfM19aBQtg.136","action":"GetUpdates", "result":"DeleteReceived", "context":{"id":"98544cae-b6a7-4190-9877-702a19fca792", "isDeleted:":"true", "version":"1698401183905"}}
{"logTime": "1029/224750", "correlationVector":"cl8GdakNwN/HzfM19aBQtg.137","action":"GetUpdates", "result":"DeleteReceived", "context":{"id":"7cb81465-c764-47c8-aea4-3191ca22ef78", "isDeleted:":"true", "version":"1698401230211"}}
{"logTime": "1029/224750", "correlationVector":"cl8GdakNwN/HzfM19aBQtg.138","action":"GetUpdates", "result":"DeleteReceived", "context":{"id":"7d52e494-8312-494d-9776-06c78ee751f1", "isDeleted:":"true", "version":"1698444855467"}}
{"logTime": "1029/224750", "correlationVector":"cl8GdakNwN/HzfM19aBQtg.139","action":"GetUpdates", "result":"DeleteReceived", "context":{"id":"cb889e39-a574-4859-9261-74d7546cd5a1", "isDeleted:":"true", "version":"1698444855468"}}
{"logTime": "1029/224750", "correlationVector":"cl8GdakNwN/HzfM19aBQtg.140","action":"GetUpdates", "result":"DeleteReceived", "context":{"id":"eb6cd53a-c9b6-4c3e-9c65-d02bca93c7dc", "isDeleted:":"true", "version":"1698444855469"}}
{"logTime": "1029/224750", "correlationVector":"cl8GdakNwN/HzfM19aBQtg.141","action":"GetUpdates", "result":"DeleteReceived", "context":{"id":"1fe5a54a-2ec8-4d81-8b3a-547a647b609a", "isDeleted:":"true", "version":"1698444855471"}}
{"logTime": "1029/224750", "correlationVector":"cl8GdakNwN/HzfM19aBQtg.142","action":"GetUpdates", "result":"DeleteReceived", "context":{"id":"4d738d81-84b3-41b3-8e04-05df601a8e4f", "isDeleted:":"true", "version":"1698444857590"}}
{"logTime": "1029/224750", "correlationVector":"cl8GdakNwN/HzfM19aBQtg.143","action":"GetUpdates", "result":"DeleteReceived", "context":{"id":"b055a2a5-715b-437c-8e36-c278d2c14ca1", "isDeleted:":"true", "version":"1698445491330"}}
{"logTime": "1029/224750", "correlationVector":"cl8GdakNwN/HzfM19aBQtg.144","action":"GetUpdates", "result":"DeleteReceived", "context":{"id":"f379746d-c040-4559-9c5c-8df791ecbe87", "isDeleted:":"true", "version":"1698445497886"}}
{"logTime": "1029/224750", "correlationVector":"cl8GdakNwN/HzfM19aBQtg.145","action":"GetUpdates", "result":"DeleteReceived", "context":{"id":"271e28cd-3aae-4b31-9060-1e9d066d3781", "isDeleted:":"true", "version":"1698445553247"}}
{"logTime": "1029/224750", "correlationVector":"cl8GdakNwN/HzfM19aBQtg.146","action":"GetUpdates", "result":"DeleteReceived", "context":{"id":"3e35eca4-3932-4dec-b07f-00f1f40a628d", "isDeleted:":"true", "version":"1698445744360"}}
{"logTime": "1029/224750", "correlationVector":"cl8GdakNwN/HzfM19aBQtg.147","action":"GetUpdates", "result":"DeleteReceived", "context":{"id":"bc878415-6aa3-4179-b599-46634af78380", "isDeleted:":"true", "version":"1698447600222"}}
{"logTime": "1029/224750", "correlationVector":"cl8GdakNwN/HzfM19aBQtg.148","action":"GetUpdates", "result":"DeleteReceived", "context":{"id":"1141ba6e-7dcb-4a4e-8724-2eaba72a158a", "isDeleted:":"true", "version":"1698448035589"}}
{"logTime": "1029/224750", "correlationVector":"cl8GdakNwN/HzfM19aBQtg.149","action":"GetUpdates", "result":"DeleteReceived", "context":{"id":"b8dcf64a-40f2-442a-b0be-3282e22ad112", "isDeleted:":"true", "version":"1698448128586"}}
{"logTime": "1029/224750", "correlationVector":"cl8GdakNwN/HzfM19aBQtg.150","action":"GetUpdates", "result":"DeleteReceived", "context":{"id":"555966ef-8102-45c8-8d87-1cb257d7bbb7", "isDeleted:":"true", "version":"1698448587095"}}
{"logTime": "1029/224750", "correlationVector":"cl8GdakNwN/HzfM19aBQtg.151","action":"GetUpdates", "result":"DeleteReceived", "context":{"id":"9317968f-5ace-450f-a7e8-eb8b854654f7", "isDeleted:":"true", "version":"1698449079649"}}
{"logTime": "1029/224750", "correlationVector":"cl8GdakNwN/HzfM19aBQtg.152","action":"GetUpdates", "result":"DeleteReceived", "context":{"id":"768ae0fe-8471-4962-9dba-d320dc06860c", "isDeleted:":"true", "version":"1698449267105"}}
{"logTime": "1029/224750", "correlationVector":"cl8GdakNwN/HzfM19aBQtg.153","action":"GetUpdates", "result":"DeleteReceived", "context":{"id":"396177df-2bee-40ef-96e6-ca9333229876", "isDeleted:":"true", "version":"1698449267106"}}
{"logTime": "1029/224750", "correlationVector":"cl8GdakNwN/HzfM19aBQtg.154","action":"GetUpdates", "result":"DeleteReceived", "context":{"id":"7452086e-3806-409e-8198-86f26db353b4", "isDeleted:":"true", "version":"1698452475946"}}
{"logTime": "1029/224750", "correlationVector":"cl8GdakNwN/HzfM19aBQtg.155","action":"GetUpdates", "result":"DeleteReceived", "context":{"id":"9647a488-d0bd-46fa-aa40-171fad4311c3", "isDeleted:":"true", "version":"1698453218928"}}
{"logTime": "1029/224750", "correlationVector":"cl8GdakNwN/HzfM19aBQtg.156","action":"GetUpdates", "result":"DeleteReceived", "context":{"id":"5e8f41cc-6bc6-4614-a42a-0e9be471778d", "isDeleted:":"true", "version":"1698453797317"}}
{"logTime": "1029/224750", "correlationVector":"cl8GdakNwN/HzfM19aBQtg.157","action":"GetUpdates", "result":"DeleteReceived", "context":{"id":"e6882631-0fc9-4f3e-b3bb-793165e7d65f", "isDeleted:":"true", "version":"1698454397240"}}
{"logTime": "1029/224750", "correlationVector":"cl8GdakNwN/HzfM19aBQtg.158","action":"GetUpdates", "result":"DeleteReceived", "context":{"id":"cf6b0cf1-41d4-407e-8cb9-cb0f755167c1", "isDeleted:":"true", "version":"1698454397242"}}
{"logTime": "1029/224750", "correlationVector":"cl8GdakNwN/HzfM19aBQtg.159","action":"GetUpdates", "result":"DeleteReceived", "context":{"id":"14e9148b-eeac-4544-83be-3d6bd93f9526", "isDeleted:":"true", "version":"1698471679519"}}
{"logTime": "1029/224750", "correlationVector":"cl8GdakNwN/HzfM19aBQtg.160","action":"GetUpdates", "result":"DeleteReceived", "context":{"id":"6463e10e-816e-43a0-915c-0f130ff90412", "isDeleted:":"true", "version":"1698471679520"}}
{"logTime": "1029/224750", "correlationVector":"cl8GdakNwN/HzfM19aBQtg.161","action":"GetUpdates", "result":"DeleteReceived", "context":{"id":"c8d404e7-b17b-49ad-840c-ed845bf13532", "isDeleted:":"true", "version":"1698471679521"}}
{"logTime": "1029/224750", "correlationVector":"cl8GdakNwN/HzfM19aBQtg.162","action":"GetUpdates", "result":"DeleteReceived", "context":{"id":"8106aabb-3415-4a5c-91d4-d4ef645a2bf8", "isDeleted:":"true", "version":"1698471679522"}}
{"logTime": "1029/224750", "correlationVector":"cl8GdakNwN/HzfM19aBQtg.163","action":"GetUpdates", "result":"DeleteReceived", "context":{"id":"4149c310-6e6e-48fa-b1b2-11fc6e1f5ba2", "isDeleted:":"true", "version":"1698471679524"}}
{"logTime": "1029/224750", "correlationVector":"cl8GdakNwN/HzfM19aBQtg.164","action":"GetUpdates", "result":"DeleteReceived", "context":{"id":"83708386-4b74-465c-ba81-4e2757f4795b", "isDeleted:":"true", "version":"1698473828758"}}
{"logTime": "1029/224750", "correlationVector":"cl8GdakNwN/HzfM19aBQtg.165","action":"GetUpdates", "result":"DeleteReceived", "context":{"id":"c3eb8924-36e6-4ee1-a0ef-851d3bd8e22a", "isDeleted:":"true", "version":"1698473828759"}}
{"logTime": "1029/224750", "correlationVector":"cl8GdakNwN/HzfM19aBQtg.166","action":"GetUpdates", "result":"DeleteReceived", "context":{"id":"2fa22aee-e5cc-4d86-9499-47376674959f", "isDeleted:":"true", "version":"1698473828763"}}
{"logTime": "1029/224750", "correlationVector":"cl8GdakNwN/HzfM19aBQtg.167","action":"GetUpdates", "result":"DeleteReceived", "context":{"id":"36e80f0f-30b5-4b79-ad64-f0e84e9187eb", "isDeleted:":"true", "version":"1698473859820"}}
{"logTime": "1029/224750", "correlationVector":"cl8GdakNwN/HzfM19aBQtg.168","action":"GetUpdates", "result":"DeleteReceived", "context":{"id":"67158e64-b946-44eb-92a5-ebb767062a16", "isDeleted:":"true", "version":"1698474861402"}}
{"logTime": "1029/224750", "correlationVector":"cl8GdakNwN/HzfM19aBQtg.169","action":"GetUpdates", "result":"DeleteReceived", "context":{"id":"79a8318b-6276-4613-b85c-fea7e49fc712", "isDeleted:":"true", "version":"1698476533888"}}
{"logTime": "1029/224750", "correlationVector":"cl8GdakNwN/HzfM19aBQtg.170","action":"GetUpdates", "result":"DeleteReceived", "context":{"id":"84260c19-a582-467b-acc4-3b5364a4ffe9", "isDeleted:":"true", "version":"1698477234651"}}
{"logTime": "1029/224750", "correlationVector":"cl8GdakNwN/HzfM19aBQtg.171","action":"GetUpdates", "result":"DeleteReceived", "context":{"id":"e09bd984-2b49-4559-8174-20214813982f", "isDeleted:":"true", "version":"1698477310996"}}
{"logTime": "1029/224750", "correlationVector":"cl8GdakNwN/HzfM19aBQtg.172","action":"GetUpdates", "result":"DeleteReceived", "context":{"id":"c72a3d5a-7b02-4f42-83a6-63fc113a109a", "isDeleted:":"true", "version":"1698478156139"}}
{"logTime": "1029/224750", "correlationVector":"cl8GdakNwN/HzfM19aBQtg.173","action":"GetUpdates", "result":"DeleteReceived", "context":{"id":"4d902919-f989-48af-85fd-8a3bdae51603", "isDeleted:":"true", "version":"1698478544695"}}
{"logTime": "1029/224750", "correlationVector":"cl8GdakNwN/HzfM19aBQtg.174","action":"GetUpdates", "result":"DeleteReceived", "context":{"id":"5ba45d89-ab2a-42d3-a221-05cd154afd56", "isDeleted:":"true", "version":"1698478609605"}}
{"logTime": "1029/224750", "correlationVector":"cl8GdakNwN/HzfM19aBQtg.175","action":"GetUpdates", "result":"DeleteReceived", "context":{"id":"7145adac-7a0b-4580-bd79-fdccbca6db66", "isDeleted:":"true", "version":"1698479355450"}}
{"logTime": "1029/224750", "correlationVector":"cl8GdakNwN/HzfM19aBQtg.176","action":"GetUpdates", "result":"DeleteReceived", "context":{"id":"95227e4b-d69b-4e59-ac00-484eef71d760", "isDeleted:":"true", "version":"1698479403191"}}
{"logTime": "1029/224750", "correlationVector":"cl8GdakNwN/HzfM19aBQtg.177","action":"GetUpdates", "result":"DeleteReceived", "context":{"id":"1e31e8a9-4a4b-4435-9060-4ff71b470234", "isDeleted:":"true", "version":"1698479565992"}}
{"logTime": "1029/224750", "correlationVector":"cl8GdakNwN/HzfM19aBQtg.178","action":"GetUpdates", "result":"DeleteReceived", "context":{"id":"977caae5-eba5-4ea0-ac3a-348eabed311c", "isDeleted:":"true", "version":"1698479565993"}}
{"logTime": "1029/224750", "correlationVector":"cl8GdakNwN/HzfM19aBQtg.179","action":"GetUpdates", "result":"DeleteReceived", "context":{"id":"616365a2-847d-4e63-b150-02fb7e7ab408", "isDeleted:":"true", "version":"1698479596646"}}
{"logTime": "1029/224750", "correlationVector":"cl8GdakNwN/HzfM19aBQtg.180","action":"GetUpdates", "result":"DeleteReceived", "context":{"id":"e21623eb-6a09-40e2-bcfb-3c0fed89d7c3", "isDeleted:":"true", "version":"1698479665994"}}
{"logTime": "1029/224750", "correlationVector":"cl8GdakNwN/HzfM19aBQtg.181","action":"GetUpdates", "result":"DeleteReceived", "context":{"id":"0a37b40c-93e3-4d89-afb3-7448d9bedba8", "isDeleted:":"true", "version":"1698479665995"}}
{"logTime": "1029/224750", "correlationVector":"cl8GdakNwN/HzfM19aBQtg.182","action":"GetUpdates", "result":"DeleteReceived", "context":{"id":"4e0ccd11-5e08-4cee-9bca-88223ce040ad", "isDeleted:":"true", "version":"1698480851162"}}
{"logTime": "1029/224750", "correlationVector":"cl8GdakNwN/HzfM19aBQtg.183","action":"GetUpdates", "result":"DeleteReceived", "context":{"id":"def5ccc0-b2e8-4eeb-bc95-868855fa2fd0", "isDeleted:":"true", "version":"1698482741829"}}
{"logTime": "1029/224750", "correlationVector":"cl8GdakNwN/HzfM19aBQtg.184","action":"GetUpdates", "result":"DeleteReceived", "context":{"id":"6f22bb48-0a7e-4347-bd79-6e71e201785c", "isDeleted:":"true", "version":"1698483714628"}}
{"logTime": "1029/224750", "correlationVector":"cl8GdakNwN/HzfM19aBQtg.185","action":"GetUpdates", "result":"DeleteReceived", "context":{"id":"da9c8a5a-142e-40b5-8af9-b7985da4bced", "isDeleted:":"true", "version":"1698485953407"}}
{"logTime": "1029/224750", "correlationVector":"cl8GdakNwN/HzfM19aBQtg.186","action":"GetUpdates", "result":"DeleteReceived", "context":{"id":"cae930e7-95d1-42dd-9878-cb6edf994226", "isDeleted:":"true", "version":"1698486095166"}}
{"logTime": "1029/224750", "correlationVector":"cl8GdakNwN/HzfM19aBQtg.187","action":"GetUpdates", "result":"DeleteReceived", "context":{"id":"07e3b815-00f4-48e2-9b75-3ce843dfa22d", "isDeleted:":"true", "version":"1698487951231"}}
{"logTime": "1029/224750", "correlationVector":"cl8GdakNwN/HzfM19aBQtg.188","action":"GetUpdates", "result":"DeleteReceived", "context":{"id":"26aeea8c-0001-4d45-8f9c-ad16ca8613a3", "isDeleted:":"true", "version":"1698487951233"}}
{"logTime": "1029/224750", "correlationVector":"cl8GdakNwN/HzfM19aBQtg.189","action":"GetUpdates", "result":"DeleteReceived", "context":{"id":"9c539883-cec3-4ce4-9100-0b9dd06096de", "isDeleted:":"true", "version":"1698487951235"}}
{"logTime": "1029/224750", "correlationVector":"cl8GdakNwN/HzfM19aBQtg.190","action":"GetUpdates", "result":"DeleteReceived", "context":{"id":"90327c8d-fbe3-4ede-9416-abd7dc290925", "isDeleted:":"true", "version":"1698487951236"}}
{"logTime": "1029/224750", "correlationVector":"cl8GdakNwN/HzfM19aBQtg.191","action":"GetUpdates", "result":"DeleteReceived", "context":{"id":"b669c4f9-8783-4960-b22d-cb09bd830dec", "isDeleted:":"true", "version":"1698488375565"}}
{"logTime": "1029/224750", "correlationVector":"cl8GdakNwN/HzfM19aBQtg.192","action":"GetUpdates", "result":"DeleteReceived", "context":{"id":"44012ebf-cae0-40b8-ab43-604d7fc694c1", "isDeleted:":"true", "version":"1698489215509"}}
{"logTime": "1029/224750", "correlationVector":"cl8GdakNwN/HzfM19aBQtg.193","action":"GetUpdates", "result":"DeleteReceived", "context":{"id":"5091b7e7-4290-4996-b249-1664ff932022", "isDeleted:":"true", "version":"1698491329171"}}
{"logTime": "1029/224750", "correlationVector":"cl8GdakNwN/HzfM19aBQtg.194","action":"GetUpdates", "result":"DeleteReceived", "context":{"id":"1a60bdd5-158b-431a-9714-6ac57a0c4f94", "isDeleted:":"true", "version":"1698493187803"}}
{"logTime": "1029/224750", "correlationVector":"cl8GdakNwN/HzfM19aBQtg.195","action":"GetUpdates", "result":"DeleteReceived", "context":{"id":"5ff55db2-6f46-461e-8871-a1813d2da4b0", "isDeleted:":"true", "version":"1698508040061"}}
{"logTime": "1029/224750", "correlationVector":"cl8GdakNwN/HzfM19aBQtg.196","action":"GetUpdates", "result":"DeleteReceived", "context":{"id":"3747885c-4077-4373-8889-79124b257b7f", "isDeleted:":"true", "version":"1698508040064"}}
{"logTime": "1029/224750", "correlationVector":"cl8GdakNwN/HzfM19aBQtg.197","action":"GetUpdates", "result":"DeleteReceived", "context":{"id":"d31619ce-b29b-4eab-a44a-e468f07e2270", "isDeleted:":"true", "version":"1698508040066"}}
{"logTime": "1029/224750", "correlationVector":"cl8GdakNwN/HzfM19aBQtg.198","action":"GetUpdates", "result":"DeleteReceived", "context":{"id":"c45052c5-c0da-49e8-8049-a8b29a329a6e", "isDeleted:":"true", "version":"1698532648107"}}
{"logTime": "1029/224750", "correlationVector":"cl8GdakNwN/HzfM19aBQtg.199","action":"GetUpdates", "result":"DeleteReceived", "context":{"id":"3b21abc4-1914-4802-bf54-c020b3a95ace", "isDeleted:":"true", "version":"1698532648108"}}
{"logTime": "1029/224750", "correlationVector":"cl8GdakNwN/HzfM19aBQtg.200","action":"GetUpdates", "result":"DeleteReceived", "context":{"id":"77a73d60-6c1a-4cb8-b89b-1a0413e3e94c", "isDeleted:":"true", "version":"1698532648109"}}
{"logTime": "1029/224750", "correlationVector":"cl8GdakNwN/HzfM19aBQtg.201","action":"GetUpdates", "result":"DeleteReceived", "context":{"id":"e0b7c5f8-97cf-4325-b204-47333725fea2", "isDeleted:":"true", "version":"1698532648110"}}
{"logTime": "1029/224750", "correlationVector":"cl8GdakNwN/HzfM19aBQtg.202","action":"GetUpdates", "result":"DeleteReceived", "context":{"id":"f8c70e54-9323-442d-b244-0c5ef88930a6", "isDeleted:":"true", "version":"1698532648112"}}
{"logTime": "1029/224750", "correlationVector":"cl8GdakNwN/HzfM19aBQtg.203","action":"GetUpdates", "result":"DeleteReceived", "context":{"id":"a28bda4c-a72d-467b-8153-83c48e619965", "isDeleted:":"true", "version":"1698532710618"}}
{"logTime": "1029/224750", "correlationVector":"cl8GdakNwN/HzfM19aBQtg.204","action":"GetUpdates", "result":"DeleteReceived", "context":{"id":"81ed224a-c670-4f8f-aaf7-a1cfcc9528ff", "isDeleted:":"true", "version":"1698533663851"}}
{"logTime": "1029/224750", "correlationVector":"cl8GdakNwN/HzfM19aBQtg.205","action":"GetUpdates Response", "result":"SERVER_MORE_TO_DOWNLOAD", "context":Received 250 update(s).  Some updates remain.}
{"logTime": "1029/224750", "correlationVector":"T9GWt3saV1QTe1vT7Zig0j","action":"Initial GetUpdates", "result":"", "context":Reason: RECONFIGURATION. cV=T9GWt3saV1QTe1vT7Zig0j}
{"logTime": "1029/224751", "correlationVector":"T9GWt3saV1QTe1vT7Zig0j.1","action":"SyncServerConnectionManagerRequest", "result":"SYNC_SERVER_OK", "context":{"environment":"Prod_SoutheastAsia_000j", "migrationStage":"NotStarted", "server":"GENERAL01000000"}}
{"logTime": "1029/224751", "correlationVector":"T9GWt3saV1QTe1vT7Zig0j.2","action":"GetUpdates", "result":"DeleteReceived", "context":{"id":"3915741a-d187-450e-96bc-fe4e572734b9", "isDeleted:":"true", "version":"1698534897509"}}
{"logTime": "1029/224751", "correlationVector":"T9GWt3saV1QTe1vT7Zig0j.3","action":"GetUpdates", "result":"DeleteReceived", "context":{"id":"66f5ba5d-65e3-4693-a4fb-5b19e5445f3f", "isDeleted:":"true", "version":"1698534949285"}}
{"logTime": "1029/224751", "correlationVector":"T9GWt3saV1QTe1vT7Zig0j.4","action":"GetUpdates", "result":"DeleteReceived", "context":{"id":"35de2cd4-50d4-4de4-8376-f7f1e5ad7b4f", "isDeleted:":"true", "version":"1698535117162"}}
{"logTime": "1029/224751", "correlationVector":"T9GWt3saV1QTe1vT7Zig0j.5","action":"GetUpdates", "result":"DeleteReceived", "context":{"id":"7f3458f2-e8ab-44d2-a356-c0c3d5b39fb2", "isDeleted:":"true", "version":"1698535117163"}}
{"logTime": "1029/224751", "correlationVector":"T9GWt3saV1QTe1vT7Zig0j.6","action":"GetUpdates", "result":"DeleteReceived", "context":{"id":"dca7d38a-ff5d-4c38-933a-a849a22cd565", "isDeleted:":"true", "version":"1698535117164"}}
{"logTime": "1029/224751", "correlationVector":"T9GWt3saV1QTe1vT7Zig0j.7","action":"GetUpdates", "result":"DeleteReceived", "context":{"id":"d507ecd2-93dd-45c4-8ff0-8a3e28b6bf9b", "isDeleted:":"true", "version":"1698535117166"}}
{"logTime": "1029/224751", "correlationVector":"T9GWt3saV1QTe1vT7Zig0j.8","action":"GetUpdates", "result":"DeleteReceived", "context":{"id":"6640b2f1-44ae-4a9c-9a1e-6dc05a322065", "isDeleted:":"true", "version":"1698535117167"}}
{"logTime": "1029/224751", "correlationVector":"T9GWt3saV1QTe1vT7Zig0j.9","action":"GetUpdates", "result":"DeleteReceived", "context":{"id":"90991c4c-d4eb-4294-bbda-1fed7f1d4e9f", "isDeleted:":"true", "version":"1698535434000"}}
{"logTime": "1029/224751", "correlationVector":"T9GWt3saV1QTe1vT7Zig0j.10","action":"GetUpdates", "result":"DeleteReceived", "context":{"id":"e79f4e23-9713-476e-9d4d-e43cd422c074", "isDeleted:":"true", "version":"1698535589688"}}
{"logTime": "1029/224751", "correlationVector":"T9GWt3saV1QTe1vT7Zig0j.11","action":"GetUpdates", "result":"DeleteReceived", "context":{"id":"dff5cc71-96c8-4a46-993f-ffd135ac1dcd", "isDeleted:":"true", "version":"1698536914573"}}
{"logTime": "1029/224751", "correlationVector":"T9GWt3saV1QTe1vT7Zig0j.12","action":"GetUpdates", "result":"DeleteReceived", "context":{"id":"5ec4e77d-dad3-4091-886a-3ec2098a72f2", "isDeleted:":"true", "version":"1698537417583"}}
{"logTime": "1029/224751", "correlationVector":"T9GWt3saV1QTe1vT7Zig0j.13","action":"GetUpdates", "result":"DeleteReceived", "context":{"id":"f6a01851-9442-4cbf-9bc5-d0a34f553e48", "isDeleted:":"true", "version":"1698537417584"}}
{"logTime": "1029/224751", "correlationVector":"T9GWt3saV1QTe1vT7Zig0j.14","action":"GetUpdates", "result":"DeleteReceived", "context":{"id":"73b24cf2-6b41-4caa-98dc-72c2efa2ac52", "isDeleted:":"true", "version":"1698538273264"}}
{"logTime": "1029/224751", "correlationVector":"T9GWt3saV1QTe1vT7Zig0j.15","action":"GetUpdates", "result":"DeleteReceived", "context":{"id":"dc3f2fff-b86c-4da9-9733-6b9ef8d90898", "isDeleted:":"true", "version":"1698538967638"}}
{"logTime": "1029/224751", "correlationVector":"T9GWt3saV1QTe1vT7Zig0j.16","action":"GetUpdates", "result":"DeleteReceived", "context":{"id":"64193417-3ece-42f0-8485-5100cac2c2e7", "isDeleted:":"true", "version":"1698538967640"}}
{"logTime": "1029/224751", "correlationVector":"T9GWt3saV1QTe1vT7Zig0j.17","action":"GetUpdates", "result":"DeleteReceived", "context":{"id":"1861dcb2-de5e-46b2-8ef5-5ba5cd17d6ca", "isDeleted:":"true", "version":"1698538967642"}}
{"logTime": "1029/224751", "correlationVector":"T9GWt3saV1QTe1vT7Zig0j.18","action":"GetUpdates", "result":"DeleteReceived", "context":{"id":"cf6fe143-f1b9-4d38-bc26-a91b6d2962e0", "isDeleted:":"true", "version":"1698540381671"}}
{"logTime": "1029/224751", "correlationVector":"T9GWt3saV1QTe1vT7Zig0j.19","action":"GetUpdates", "result":"DeleteReceived", "context":{"id":"492539b6-42cd-457c-9389-5ce48468445e", "isDeleted:":"true", "version":"1698540381673"}}
{"logTime": "1029/224751", "correlationVector":"T9GWt3saV1QTe1vT7Zig0j.20","action":"GetUpdates", "result":"DeleteReceived", "context":{"id":"58b4854c-1644-456a-aeeb-fa537a5f64d5", "isDeleted:":"true", "version":"1698540381676"}}
{"logTime": "1029/224751", "correlationVector":"T9GWt3saV1QTe1vT7Zig0j.21","action":"GetUpdates", "result":"DeleteReceived", "context":{"id":"f145705c-b7be-403a-9059-87c118bddc37", "isDeleted:":"true", "version":"1698541044925"}}
{"logTime": "1029/224751", "correlationVector":"T9GWt3saV1QTe1vT7Zig0j.22","action":"GetUpdates", "result":"DeleteReceived", "context":{"id":"aabbd448-6f10-4b57-b2e0-4ddc51685854", "isDeleted:":"true", "version":"1698543981862"}}
{"logTime": "1029/224751", "correlationVector":"T9GWt3saV1QTe1vT7Zig0j.23","action":"GetUpdates", "result":"DeleteReceived", "context":{"id":"0ee32c1f-c897-4058-a767-6f6b05789aa2", "isDeleted:":"true", "version":"1698543981863"}}
{"logTime": "1029/224751", "correlationVector":"T9GWt3saV1QTe1vT7Zig0j.24","action":"GetUpdates", "result":"DeleteReceived", "context":{"id":"4d5b8e47-6538-4283-a7a6-7e370325faf9", "isDeleted:":"true", "version":"1698543981864"}}
{"logTime": "1029/224751", "correlationVector":"T9GWt3saV1QTe1vT7Zig0j.25","action":"GetUpdates", "result":"DeleteReceived", "context":{"id":"bb1d9beb-9e2d-4f10-9ffd-3a0a31e823f8", "isDeleted:":"true", "version":"1698544015201"}}
{"logTime": "1029/224751", "correlationVector":"T9GWt3saV1QTe1vT7Zig0j.26","action":"GetUpdates", "result":"DeleteReceived", "context":{"id":"b02123ff-2973-44d1-8b8a-ac2f42a8a97e", "isDeleted:":"true", "version":"1698545060661"}}
{"logTime": "1029/224751", "correlationVector":"T9GWt3saV1QTe1vT7Zig0j.27","action":"GetUpdates", "result":"DeleteReceived", "context":{"id":"767cc0c7-f86c-448f-a11c-b7fa087b8b35", "isDeleted:":"true", "version":"1698545060662"}}
{"logTime": "1029/224751", "correlationVector":"T9GWt3saV1QTe1vT7Zig0j.28","action":"GetUpdates", "result":"DeleteReceived", "context":{"id":"9dc667e4-853c-43c9-9e11-a72631ec1d1e", "isDeleted:":"true", "version":"1698548059753"}}
{"logTime": "1029/224751", "correlationVector":"T9GWt3saV1QTe1vT7Zig0j.29","action":"GetUpdates", "result":"DeleteReceived", "context":{"id":"597cd663-acb5-4cb0-aff9-5bec6ebdf7d3", "isDeleted:":"true", "version":"1698550887558"}}
{"logTime": "1029/224751", "correlationVector":"T9GWt3saV1QTe1vT7Zig0j.30","action":"GetUpdates", "result":"DeleteReceived", "context":{"id":"85031914-f428-4a35-9060-680830dddd83", "isDeleted:":"true", "version":"1698551046400"}}
{"logTime": "1029/224751", "correlationVector":"T9GWt3saV1QTe1vT7Zig0j.31","action":"GetUpdates", "result":"DeleteReceived", "context":{"id":"2ddd7700-b52e-4e8c-afaf-3de5292cab2d", "isDeleted:":"true", "version":"1698551046404"}}
{"logTime": "1029/224751", "correlationVector":"T9GWt3saV1QTe1vT7Zig0j.32","action":"GetUpdates", "result":"DeleteReceived", "context":{"id":"0d22ba8d-eadb-4a5f-9b10-71e002e11cd1", "isDeleted:":"true", "version":"1698551470144"}}
{"logTime": "1029/224751", "correlationVector":"T9GWt3saV1QTe1vT7Zig0j.33","action":"GetUpdates", "result":"DeleteReceived", "context":{"id":"b9a6ee10-3f8f-4ca9-9d3e-3bf287585299", "isDeleted:":"true", "version":"1698551470146"}}
{"logTime": "1029/224751", "correlationVector":"T9GWt3saV1QTe1vT7Zig0j.34","action":"GetUpdates", "result":"DeleteReceived", "context":{"id":"09bf0c63-6d8d-4cf8-8f96-1ef66df5d517", "isDeleted:":"true", "version":"1698553100964"}}
{"logTime": "1029/224751", "correlationVector":"T9GWt3saV1QTe1vT7Zig0j.35","action":"GetUpdates", "result":"DeleteReceived", "context":{"id":"13285d09-26fd-4bf8-af3d-f7dd76936071", "isDeleted:":"true", "version":"1698553424073"}}
{"logTime": "1029/224751", "correlationVector":"T9GWt3saV1QTe1vT7Zig0j.36","action":"GetUpdates", "result":"DeleteReceived", "context":{"id":"b30436eb-7da8-44ed-a979-7fb627d0c9b7", "isDeleted:":"true", "version":"1698555007966"}}
{"logTime": "1029/224751", "correlationVector":"T9GWt3saV1QTe1vT7Zig0j.37","action":"GetUpdates", "result":"DeleteReceived", "context":{"id":"bcd735e6-8e9e-4e75-97cd-db2b5799b757", "isDeleted:":"true", "version":"1698555111618"}}
{"logTime": "1029/224751", "correlationVector":"T9GWt3saV1QTe1vT7Zig0j.38","action":"GetUpdates", "result":"DeleteReceived", "context":{"id":"30cb4834-de45-4b70-8966-6a9c29173fb9", "isDeleted:":"true", "version":"1698555111619"}}
{"logTime": "1029/224751", "correlationVector":"T9GWt3saV1QTe1vT7Zig0j.39","action":"GetUpdates", "result":"DeleteReceived", "context":{"id":"f15a167a-f52b-47a5-93a7-ae83f7c7a938", "isDeleted:":"true", "version":"1698555111622"}}
{"logTime": "1029/224751", "correlationVector":"T9GWt3saV1QTe1vT7Zig0j.40","action":"GetUpdates", "result":"DeleteReceived", "context":{"id":"48312fd9-4930-4af9-9a73-0581f37f7082", "isDeleted:":"true", "version":"1698555648515"}}
{"logTime": "1029/224751", "correlationVector":"T9GWt3saV1QTe1vT7Zig0j.41","action":"GetUpdates", "result":"DeleteReceived", "context":{"id":"bba1d68c-5fd6-4c21-9133-c3ef583a9439", "isDeleted:":"true", "version":"1698555648517"}}
{"logTime": "1029/224751", "correlationVector":"T9GWt3saV1QTe1vT7Zig0j.42","action":"GetUpdates", "result":"DeleteReceived", "context":{"id":"457ab66c-aced-4410-b1d3-db6401a5349e", "isDeleted:":"true", "version":"1698556381715"}}
{"logTime": "1029/224751", "correlationVector":"T9GWt3saV1QTe1vT7Zig0j.43","action":"GetUpdates", "result":"DeleteReceived", "context":{"id":"ab599987-444e-4252-9e7f-a6959e8daf03", "isDeleted:":"true", "version":"1698556381717"}}
{"logTime": "1029/224751", "correlationVector":"T9GWt3saV1QTe1vT7Zig0j.44","action":"GetUpdates", "result":"DeleteReceived", "context":{"id":"9932d52b-b479-4ab5-a1c0-ecf51cac8b54", "isDeleted:":"true", "version":"1698567233122"}}
{"logTime": "1029/224751", "correlationVector":"T9GWt3saV1QTe1vT7Zig0j.45","action":"GetUpdates", "result":"DeleteReceived", "context":{"id":"7ecda62d-de5e-48d4-9636-4f7a1b4ea2b2", "isDeleted:":"true", "version":"1698567233124"}}
{"logTime": "1029/224751", "correlationVector":"T9GWt3saV1QTe1vT7Zig0j.46","action":"GetUpdates", "result":"DeleteReceived", "context":{"id":"3bfc476f-09d7-4025-b759-5bb82be42637", "isDeleted:":"true", "version":"1698567233125"}}
{"logTime": "1029/224751", "correlationVector":"T9GWt3saV1QTe1vT7Zig0j.47","action":"GetUpdates", "result":"DeleteReceived", "context":{"id":"58609bb8-7e51-42b9-8723-d869c8cf150b", "isDeleted:":"true", "version":"1698567233127"}}
{"logTime": "1029/224751", "correlationVector":"T9GWt3saV1QTe1vT7Zig0j.48","action":"GetUpdates", "result":"DeleteReceived", "context":{"id":"7056c418-704d-4e4d-a0e8-1a795d6cc1a4", "isDeleted:":"true", "version":"1698567799373"}}
{"logTime": "1029/224751", "correlationVector":"T9GWt3saV1QTe1vT7Zig0j.49","action":"GetUpdates", "result":"DeleteReceived", "context":{"id":"2304e8f7-23b4-472b-8fcd-acb3a4621bbf", "isDeleted:":"true", "version":"1698570732972"}}
{"logTime": "1029/224751", "correlationVector":"T9GWt3saV1QTe1vT7Zig0j.50","action":"GetUpdates", "result":"DeleteReceived", "context":{"id":"af8b07bb-b5a9-4683-9ff3-6fab6efdd706", "isDeleted:":"true", "version":"1698570974241"}}
{"logTime": "1029/224751", "correlationVector":"T9GWt3saV1QTe1vT7Zig0j.51","action":"GetUpdates", "result":"DeleteReceived", "context":{"id":"269e64b0-55db-4962-87db-5d7454dc4852", "isDeleted:":"true", "version":"1698575457172"}}
{"logTime": "1029/224751", "correlationVector":"T9GWt3saV1QTe1vT7Zig0j.52","action":"GetUpdates", "result":"DeleteReceived", "context":{"id":"80871948-3c0f-4747-bb71-1dd1a582fd9c", "isDeleted:":"true", "version":"1698575895944"}}
{"logTime": "1029/224751", "correlationVector":"T9GWt3saV1QTe1vT7Zig0j.53","action":"GetUpdates", "result":"DeleteReceived", "context":{"id":"7bc9e33b-5a02-421a-b2c9-a1dc405b3c56", "isDeleted:":"true", "version":"1698576014415"}}
{"logTime": "1029/224751", "correlationVector":"T9GWt3saV1QTe1vT7Zig0j.54","action":"GetUpdates", "result":"DeleteReceived", "context":{"id":"9884d8c0-54e9-4f04-8f69-0d1b1677b348", "isDeleted:":"true", "version":"1698576056118"}}
{"logTime": "1029/224751", "correlationVector":"T9GWt3saV1QTe1vT7Zig0j.55","action":"GetUpdates", "result":"DeleteReceived", "context":{"id":"4932bd89-ffc1-49fe-a132-71b42b5b46b1", "isDeleted:":"true", "version":"1698578357092"}}
{"logTime": "1029/224751", "correlationVector":"T9GWt3saV1QTe1vT7Zig0j.56","action":"GetUpdates", "result":"DeleteReceived", "context":{"id":"ea875f1f-6efd-4aa4-a3c2-653169df263c", "isDeleted:":"true", "version":"1698578547878"}}
{"logTime": "1029/224751", "correlationVector":"T9GWt3saV1QTe1vT7Zig0j.57","action":"GetUpdates", "result":"DeleteReceived", "context":{"id":"14592761-4ea7-4f6d-9f3a-0f5e35f39dff", "isDeleted:":"true", "version":"1698578606415"}}
{"logTime": "1029/224751", "correlationVector":"T9GWt3saV1QTe1vT7Zig0j.58","action":"GetUpdates", "result":"DeleteReceived", "context":{"id":"0e6812d9-df39-4bd0-8688-fb28fb0ccc4b", "isDeleted:":"true", "version":"1698578606416"}}
{"logTime": "1029/224751", "correlationVector":"T9GWt3saV1QTe1vT7Zig0j.59","action":"GetUpdates", "result":"DeleteReceived", "context":{"id":"bf586647-48e3-4fd1-8b17-2eecc0d912a2", "isDeleted:":"true", "version":"1698578812294"}}
{"logTime": "1029/224751", "correlationVector":"T9GWt3saV1QTe1vT7Zig0j.60","action":"GetUpdates", "result":"DeleteReceived", "context":{"id":"655b26fd-e65a-49ca-8aa6-964e8adae1ef", "isDeleted:":"true", "version":"1698579393783"}}
{"logTime": "1029/224751", "correlationVector":"T9GWt3saV1QTe1vT7Zig0j.61","action":"GetUpdates", "result":"DeleteReceived", "context":{"id":"dde05be0-5638-46ea-a562-9f33718e723d", "isDeleted:":"true", "version":"1698579863228"}}
{"logTime": "1029/224751", "correlationVector":"T9GWt3saV1QTe1vT7Zig0j.62","action":"GetUpdates", "result":"DeleteReceived", "context":{"id":"bb5e7f75-214f-443f-9a98-1efc3b94b4f6", "isDeleted:":"true", "version":"1698579910600"}}
{"logTime": "1029/224751", "correlationVector":"T9GWt3saV1QTe1vT7Zig0j.63","action":"GetUpdates", "result":"DeleteReceived", "context":{"id":"1cd33bda-78a1-466a-b398-3a2002187ff2", "isDeleted:":"true", "version":"1698579910602"}}
{"logTime": "1029/224751", "correlationVector":"T9GWt3saV1QTe1vT7Zig0j.64","action":"GetUpdates", "result":"DeleteReceived", "context":{"id":"47fb064c-afac-4166-ae9a-98a86117a7b0", "isDeleted:":"true", "version":"1698582496750"}}
{"logTime": "1029/224751", "correlationVector":"T9GWt3saV1QTe1vT7Zig0j.65","action":"GetUpdates", "result":"DeleteReceived", "context":{"id":"9febfc44-440f-47ec-9645-ff9c4fa6505a", "isDeleted:":"true", "version":"1698583281067"}}
{"logTime": "1029/224751", "correlationVector":"T9GWt3saV1QTe1vT7Zig0j.66","action":"GetUpdates", "result":"DeleteReceived", "context":{"id":"759e59de-4e8e-4ced-9dc7-7caae9aa166d", "isDeleted:":"true", "version":"1698583317011"}}
{"logTime": "1029/224751", "correlationVector":"T9GWt3saV1QTe1vT7Zig0j.67","action":"GetUpdates", "result":"DeleteReceived", "context":{"id":"2922140e-aad0-487f-94e7-e1860a2acab3", "isDeleted:":"true", "version":"1698587244116"}}
{"logTime": "1029/224751", "correlationVector":"T9GWt3saV1QTe1vT7Zig0j.68","action":"GetUpdates", "result":"DeleteReceived", "context":{"id":"efdf44d6-11cd-497f-850e-e2bb8b31d7cd", "isDeleted:":"true", "version":"1698589005917"}}
{"logTime": "1029/224751", "correlationVector":"T9GWt3saV1QTe1vT7Zig0j.69","action":"GetUpdates", "result":"DeleteReceived", "context":{"id":"ec398f36-cc7a-4708-8770-9403d82ced4a", "isDeleted:":"true", "version":"1698589933553"}}
{"logTime": "1029/224751", "correlationVector":"T9GWt3saV1QTe1vT7Zig0j.70","action":"GetUpdates", "result":"DeleteReceived", "context":{"id":"338a2efc-723b-4a4c-831f-a02281a5ca4f", "isDeleted:":"true", "version":"1698590256923"}}
{"logTime": "1029/224751", "correlationVector":"T9GWt3saV1QTe1vT7Zig0j.71","action":"GetUpdates", "result":"DeleteReceived", "context":{"id":"073eda14-3928-4b3f-a4b3-db4f99c68870", "isDeleted:":"true", "version":"1698590331058"}}
{"logTime": "1029/224751", "correlationVector":"T9GWt3saV1QTe1vT7Zig0j.72","action":"GetUpdates", "result":"DeleteReceived", "context":{"id":"036f997d-e000-43bc-af8d-37d0ff5983ca", "isDeleted:":"true", "version":"1698592183228"}}
{"logTime": "1029/224751", "correlationVector":"T9GWt3saV1QTe1vT7Zig0j.73","action":"GetUpdates", "result":"DeleteReceived", "context":{"id":"63ae7342-6282-484d-9734-237ccdc6afdf", "isDeleted:":"true", "version":"1698592183229"}}
{"logTime": "1029/224751", "correlationVector":"T9GWt3saV1QTe1vT7Zig0j.74","action":"GetUpdates", "result":"DeleteReceived", "context":{"id":"08783fc3-6daa-4ea3-bf94-ad49941ff403", "isDeleted:":"true", "version":"1698592183231"}}
{"logTime": "1029/224751", "correlationVector":"T9GWt3saV1QTe1vT7Zig0j.75","action":"GetUpdates", "result":"DeleteReceived", "context":{"id":"9f56c14b-e373-4c79-b28e-147a142aede8", "isDeleted:":"true", "version":"1698592373142"}}
{"logTime": "1029/224751", "correlationVector":"T9GWt3saV1QTe1vT7Zig0j.76","action":"GetUpdates", "result":"DeleteReceived", "context":{"id":"96e0f5f9-74f8-431a-b769-9aa1f36f6ca6", "isDeleted:":"true", "version":"1698592712251"}}
{"logTime": "1029/224751", "correlationVector":"T9GWt3saV1QTe1vT7Zig0j.77","action":"GetUpdates", "result":"DeleteReceived", "context":{"id":"43f5bfa0-45c6-4954-b3de-f77bc95e2e7b", "isDeleted:":"true", "version":"1698592712254"}}
{"logTime": "1029/224751", "correlationVector":"T9GWt3saV1QTe1vT7Zig0j.78","action":"GetUpdates", "result":"DeleteReceived", "context":{"id":"0f949213-5b29-47c7-9d50-20ce2611d7fb", "isDeleted:":"true", "version":"1698592744023"}}
{"logTime": "1029/224751", "correlationVector":"T9GWt3saV1QTe1vT7Zig0j.79","action":"GetUpdates", "result":"DeleteReceived", "context":{"id":"c4b953cf-62a6-46e1-84b3-37f1165d9390", "isDeleted:":"true", "version":"1698594520674"}}
{"logTime": "1029/224751", "correlationVector":"T9GWt3saV1QTe1vT7Zig0j.80","action":"GetUpdates", "result":"DeleteReceived", "context":{"id":"401aa587-d2f7-44c0-9653-a72781d50a43", "isDeleted:":"true", "version":"1698594561116"}}
{"logTime": "1029/224751", "correlationVector":"T9GWt3saV1QTe1vT7Zig0j.81","action":"GetUpdates", "result":"DeleteReceived", "context":{"id":"fec349e0-323f-44a0-aa96-02d8f03727cc", "isDeleted:":"true", "version":"1698594978747"}}
{"logTime": "1029/224751", "correlationVector":"T9GWt3saV1QTe1vT7Zig0j.82","action":"GetUpdates", "result":"DeleteReceived", "context":{"id":"248eea9f-6dad-4e0c-838a-dca555125b1c", "isDeleted:":"true", "version":"1698595721767"}}
{"logTime": "1029/224751", "correlationVector":"T9GWt3saV1QTe1vT7Zig0j.83","action":"GetUpdates", "result":"DeleteReceived", "context":{"id":"6bcfab07-c43d-4dd4-b812-451a9a886bfc", "isDeleted:":"true", "version":"1698597867716"}}
{"logTime": "1029/224751", "correlationVector":"T9GWt3saV1QTe1vT7Zig0j.84","action":"GetUpdates", "result":"DeleteReceived", "context":{"id":"20459cb0-a253-489f-bf4b-462c8b9c9564", "isDeleted:":"true", "version":"1698598354734"}}
{"logTime": "1029/224751", "correlationVector":"T9GWt3saV1QTe1vT7Zig0j.85","action":"GetUpdates", "result":"DeleteReceived", "context":{"id":"088bd405-f3ea-45c8-a01d-c23d1706f091", "isDeleted:":"true", "version":"1698618766818"}}
{"logTime": "1029/224751", "correlationVector":"T9GWt3saV1QTe1vT7Zig0j.86","action":"GetUpdates", "result":"DeleteReceived", "context":{"id":"7a93e971-bf3c-43e7-8d86-bb250dc0ecc4", "isDeleted:":"true", "version":"1698618766819"}}
{"logTime": "1029/224751", "correlationVector":"T9GWt3saV1QTe1vT7Zig0j.87","action":"GetUpdates", "result":"DeleteReceived", "context":{"id":"7c348472-59f8-4e1e-98f4-36ea52426c0b", "isDeleted:":"true", "version":"1698618766821"}}
{"logTime": "1029/224751", "correlationVector":"T9GWt3saV1QTe1vT7Zig0j.88","action":"GetUpdates Response", "result":"SYNCER_OK", "context":Received 136 update(s). cV=T9GWt3saV1QTe1vT7Zig0j.0;server=GENERAL01000000;cloudType=Consumer;environment=Prod_SoutheastAsia_000j;migrationStage=NotStarted}
{"logTime": "1029/224751", "correlationVector":"54Waokj48mIvmGNt1tqv4j","action":"Normal GetUpdate request", "result":"", "context":cV=54Waokj48mIvmGNt1tqv4j
Nudged types: Sessions, Device Info
Refresh requested types: Bookmarks, Preferences, Passwords, Autofill Profiles, Autofill, Autofill Custom Data, Typed URLs, Extensions, Sessions, Extension settings, History Delete Directives, Device Info, User Consents, Send Tab To Self, Web Apps, Collection, Edge E Drop, Edge Hub App Usage, Edge Wallet, Encryption Keys}
{"logTime": "1029/224752", "correlationVector":"54Waokj48mIvmGNt1tqv4j.1","action":"SyncServerConnectionManagerRequest", "result":"SYNC_SERVER_OK", "context":{"environment":"Prod_SoutheastAsia_000j", "migrationStage":"NotStarted", "server":"GENERAL0100000F"}}
{"logTime": "1029/224752", "correlationVector":"54Waokj48mIvmGNt1tqv4j.2","action":"GetUpdates Response", "result":"SYNCER_OK", "context":Received 9 update(s). cV=54Waokj48mIvmGNt1tqv4j.0;server=GENERAL0100000F;cloudType=Consumer;environment=Prod_SoutheastAsia_000j;migrationStage=NotStarted}
{"logTime": "1029/224752", "correlationVector":"SrAgfNGBLnkM4GQNnM+cIM","action":"Commit Request", "result":"", "context":Item count: 1
Contributing types: Device Info}
{"logTime": "1029/224753", "correlationVector":"SrAgfNGBLnkM4GQNnM+cIM.1","action":"SyncServerConnectionManagerRequest", "result":"SYNC_SERVER_OK", "context":{"environment":"Prod_SoutheastAsia_000j", "migrationStage":"NotStarted", "server":"GENERAL0100000F"}}
{"logTime": "1029/224753", "correlationVector":"SrAgfNGBLnkM4GQNnM+cIM.2","action":"Commit Response", "result":"SYNCER_OK", "context":Result: SYNCER_OK. cV=SrAgfNGBLnkM4GQNnM+cIM.0;server=GENERAL0100000F;cloudType=Consumer;environment=Prod_SoutheastAsia_000j;migrationStage=NotStarted}
{"logTime": "1029/224753", "correlationVector":"fHpla+qWrFiHk820rd7si3","action":"Commit Request", "result":"", "context":Item count: 10
Contributing types: Typed URLs, Sessions}
{"logTime": "1029/224755", "correlationVector":"fHpla+qWrFiHk820rd7si3.1","action":"SyncServerConnectionManagerRequest", "result":"SYNC_SERVER_OK", "context":{"environment":"Prod_SoutheastAsia_000j", "migrationStage":"NotStarted", "server":"GENERAL0100000Q"}}
{"logTime": "1029/224755", "correlationVector":"fHpla+qWrFiHk820rd7si3.2","action":"Commit Response", "result":"SYNCER_OK", "context":Result: SYNCER_OK. cV=fHpla+qWrFiHk820rd7si3.0;server=GENERAL0100000Q;cloudType=Consumer;environment=Prod_SoutheastAsia_000j;migrationStage=NotStarted}
{"logTime": "1029/224904", "correlationVector":"LtkWdS7ij7fnaJg2JBdZpK","action":"Normal GetUpdate request", "result":"", "context":cV=LtkWdS7ij7fnaJg2JBdZpK
Nudged types: Preferences}
{"logTime": "1029/224904", "correlationVector":"LtkWdS7ij7fnaJg2JBdZpK","action":"SyncServerConnectionManagerRequest", "result":"CONNECTION_UNAVAILABLE", "context":{"error_type":"net_error_code", "error_value":"-106"}}
{"logTime": "1029/224905", "correlationVector":"ZIy9MCdpMeovjTiCLU0t2c.0","action":"GetUpdates Response", "result":"NETWORK_ERROR_TRANSPORT (ERR_INTERNET_DISCONNECTED)", "context":Received error: NETWORK_ERROR_TRANSPORT (ERR_INTERNET_DISCONNECTED). }
{"logTime": "1029/224950", "correlationVector":"EfIk3Z2b+ieF+ZpeGi8U9E","action":"Normal GetUpdate request", "result":"", "context":cV=EfIk3Z2b+ieF+ZpeGi8U9E
Nudged types: Preferences}
{"logTime": "1029/224950", "correlationVector":"EfIk3Z2b+ieF+ZpeGi8U9E","action":"SyncServerConnectionManagerRequest", "result":"CONNECTION_UNAVAILABLE", "context":{"error_type":"net_error_code", "error_value":"-106"}}
{"logTime": "1029/224950", "correlationVector":"V6E3cLLd/Me9FXsQKQ/I/H.0","action":"GetUpdates Response", "result":"NETWORK_ERROR_TRANSPORT (ERR_INTERNET_DISCONNECTED)", "context":Received error: NETWORK_ERROR_TRANSPORT (ERR_INTERNET_DISCONNECTED). }
{"logTime": "1029/225057", "correlationVector":"TbBAOv4D5EVMICWnej24By","action":"Normal GetUpdate request", "result":"", "context":cV=TbBAOv4D5EVMICWnej24By
Nudged types: Preferences}
{"logTime": "1029/225057", "correlationVector":"TbBAOv4D5EVMICWnej24By","action":"SyncServerConnectionManagerRequest", "result":"CONNECTION_UNAVAILABLE", "context":{"error_type":"net_error_code", "error_value":"-106"}}
{"logTime": "1029/225057", "correlationVector":"lmoQe1rg+aAEvp1JpuayET.0","action":"GetUpdates Response", "result":"NETWORK_ERROR_TRANSPORT (ERR_INTERNET_DISCONNECTED)", "context":Received error: NETWORK_ERROR_TRANSPORT (ERR_INTERNET_DISCONNECTED). }
{"logTime": "1029/225238", "correlationVector":"yUUicwjTGU7JIf3+KPgPGa","action":"Normal GetUpdate request", "result":"", "context":cV=yUUicwjTGU7JIf3+KPgPGa
Nudged types: Preferences}
{"logTime": "1029/225238", "correlationVector":"yUUicwjTGU7JIf3+KPgPGa","action":"SyncServerConnectionManagerRequest", "result":"CONNECTION_UNAVAILABLE", "context":{"error_type":"net_error_code", "error_value":"-106"}}
{"logTime": "1029/225238", "correlationVector":"DWaEV0gM+lyvauf/p0u2cC.0","action":"GetUpdates Response", "result":"NETWORK_ERROR_TRANSPORT (ERR_INTERNET_DISCONNECTED)", "context":Received error: NETWORK_ERROR_TRANSPORT (ERR_INTERNET_DISCONNECTED). }
{"logTime": "1029/225510", "correlationVector":"TXv+oMxqCoXJWGSp8+iNVl","action":"Normal GetUpdate request", "result":"", "context":cV=TXv+oMxqCoXJWGSp8+iNVl
Nudged types: Preferences}
{"logTime": "1029/225512", "correlationVector":"TXv+oMxqCoXJWGSp8+iNVl.1","action":"SyncServerConnectionManagerRequest", "result":"SYNC_SERVER_OK", "context":{"environment":"Prod_SoutheastAsia_000j", "migrationStage":"NotStarted", "server":"GENERAL0100001I"}}
{"logTime": "1029/225512", "correlationVector":"TXv+oMxqCoXJWGSp8+iNVl.2","action":"GetUpdates Response", "result":"SYNCER_OK", "context":Received 11 update(s). cV=TXv+oMxqCoXJWGSp8+iNVl.0;server=GENERAL0100001I;cloudType=Consumer;environment=Prod_SoutheastAsia_000j;migrationStage=NotStarted}
{"logTime": "1029/225512", "correlationVector":"NIXRXzM8DVppRITNkbpMEg","action":"Commit Request", "result":"", "context":Item count: 1
Contributing types: Preferences}
{"logTime": "1029/225512", "correlationVector":"NIXRXzM8DVppRITNkbpMEg.1","action":"SyncServerConnectionManagerRequest", "result":"SYNC_SERVER_OK", "context":{"environment":"Prod_SoutheastAsia_000j", "migrationStage":"NotStarted", "server":"GENERAL0100001B"}}
{"logTime": "1029/225512", "correlationVector":"NIXRXzM8DVppRITNkbpMEg.2","action":"Commit Response", "result":"SYNCER_OK", "context":Result: SYNCER_OK. cV=NIXRXzM8DVppRITNkbpMEg.0;server=GENERAL0100001B;cloudType=Consumer;environment=Prod_SoutheastAsia_000j;migrationStage=NotStarted}
{"logTime": "1029/225514", "correlationVector":"vKYScr7uO8ligc3tUaV7N1","action":"Normal GetUpdate request", "result":"", "context":cV=vKYScr7uO8ligc3tUaV7N1
Nudged types: Preferences}
{"logTime": "1029/225515", "correlationVector":"vKYScr7uO8ligc3tUaV7N1.1","action":"SyncServerConnectionManagerRequest", "result":"SYNC_SERVER_OK", "context":{"environment":"Prod_SoutheastAsia_000j", "migrationStage":"NotStarted", "server":"GENERAL01000015"}}
{"logTime": "1029/225515", "correlationVector":"vKYScr7uO8ligc3tUaV7N1.2","action":"GetUpdates Response", "result":"SYNCER_OK", "context":Received 1 update(s). cV=vKYScr7uO8ligc3tUaV7N1.0;server=GENERAL01000015;cloudType=Consumer;environment=Prod_SoutheastAsia_000j;migrationStage=NotStarted}
{"logTime": "1029/225551", "correlationVector":"rgWz5U7jRuFzbarHPPtiFd","action":"Normal GetUpdate request", "result":"", "context":cV=rgWz5U7jRuFzbarHPPtiFd
Nudged types: Typed URLs, Sessions}
{"logTime": "1029/225552", "correlationVector":"rgWz5U7jRuFzbarHPPtiFd.1","action":"SyncServerConnectionManagerRequest", "result":"SYNC_SERVER_OK", "context":{"environment":"Prod_SoutheastAsia_000j", "migrationStage":"NotStarted", "server":"GENERAL01000009"}}
{"logTime": "1029/225552", "correlationVector":"rgWz5U7jRuFzbarHPPtiFd.2","action":"GetUpdates Response", "result":"SYNCER_OK", "context":Received 0 update(s). cV=rgWz5U7jRuFzbarHPPtiFd.0;server=GENERAL01000009;cloudType=Consumer;environment=Prod_SoutheastAsia_000j;migrationStage=NotStarted}
{"logTime": "1029/225552", "correlationVector":"PmQvFIQ0U9fudABfxknE77","action":"Commit Request", "result":"", "context":Item count: 3
Contributing types: Typed URLs, Sessions}
{"logTime": "1029/225553", "correlationVector":"PmQvFIQ0U9fudABfxknE77.1","action":"SyncServerConnectionManagerRequest", "result":"SYNC_SERVER_OK", "context":{"environment":"Prod_SoutheastAsia_000j", "migrationStage":"NotStarted", "server":"GENERAL01000005"}}
{"logTime": "1029/225553", "correlationVector":"PmQvFIQ0U9fudABfxknE77.2","action":"Commit Response", "result":"SYNCER_OK", "context":Result: SYNCER_OK. cV=PmQvFIQ0U9fudABfxknE77.0;server=GENERAL01000005;cloudType=Consumer;environment=Prod_SoutheastAsia_000j;migrationStage=NotStarted}
{"logTime": "1029/225623", "correlationVector":"V/LfvpDWvCMJgCkBErxt8S","action":"Normal GetUpdate request", "result":"", "context":cV=V/LfvpDWvCMJgCkBErxt8S
Nudged types: Typed URLs, Sessions}
{"logTime": "1029/225624", "correlationVector":"V/LfvpDWvCMJgCkBErxt8S.1","action":"SyncServerConnectionManagerRequest", "result":"SYNC_SERVER_OK", "context":{"environment":"Prod_SoutheastAsia_000j", "migrationStage":"NotStarted", "server":"GENERAL01000000"}}
{"logTime": "1029/225624", "correlationVector":"V/LfvpDWvCMJgCkBErxt8S.2","action":"GetUpdates Response", "result":"SYNCER_OK", "context":Received 3 update(s). cV=V/LfvpDWvCMJgCkBErxt8S.0;server=GENERAL01000000;cloudType=Consumer;environment=Prod_SoutheastAsia_000j;migrationStage=NotStarted}
{"logTime": "1029/225624", "correlationVector":"Yy6PJOdaueZtw5XGcu6Z7N","action":"Commit Request", "result":"", "context":Item count: 2
Contributing types: Typed URLs, Sessions}
{"logTime": "1029/225624", "correlationVector":"Yy6PJOdaueZtw5XGcu6Z7N.1","action":"SyncServerConnectionManagerRequest", "result":"SYNC_SERVER_OK", "context":{"environment":"Prod_SoutheastAsia_000j", "migrationStage":"NotStarted", "server":"GENERAL0100000P"}}
{"logTime": "1029/225624", "correlationVector":"Yy6PJOdaueZtw5XGcu6Z7N.2","action":"Commit Response", "result":"SYNCER_OK", "context":Result: SYNCER_OK. cV=Yy6PJOdaueZtw5XGcu6Z7N.0;server=GENERAL0100000P;cloudType=Consumer;environment=Prod_SoutheastAsia_000j;migrationStage=NotStarted}
{"logTime": "1029/225654", "correlationVector":"9qGAoT4W9ifMpwZ40PF+HM","action":"Normal GetUpdate request", "result":"", "context":cV=9qGAoT4W9ifMpwZ40PF+HM
Nudged types: Typed URLs, Sessions}
{"logTime": "1029/225655", "correlationVector":"9qGAoT4W9ifMpwZ40PF+HM.1","action":"SyncServerConnectionManagerRequest", "result":"SYNC_SERVER_OK", "context":{"environment":"Prod_SoutheastAsia_000j", "migrationStage":"NotStarted", "server":"GENERAL0100000Y"}}
{"logTime": "1029/225655", "correlationVector":"9qGAoT4W9ifMpwZ40PF+HM.2","action":"GetUpdates Response", "result":"SYNCER_OK", "context":Received 2 update(s). cV=9qGAoT4W9ifMpwZ40PF+HM.0;server=GENERAL0100000Y;cloudType=Consumer;environment=Prod_SoutheastAsia_000j;migrationStage=NotStarted}
{"logTime": "1029/225658", "correlationVector":"d4v6CpW2AP0vtxaUQIAQyo","action":"Normal GetUpdate request", "result":"", "context":cV=d4v6CpW2AP0vtxaUQIAQyo
Notified types: Typed URLs}
{"logTime": "1029/225658", "correlationVector":"d4v6CpW2AP0vtxaUQIAQyo.1","action":"SyncServerConnectionManagerRequest", "result":"SYNC_SERVER_OK", "context":{"environment":"Prod_SoutheastAsia_000j", "migrationStage":"NotStarted", "server":"GENERAL0100000K"}}
{"logTime": "1029/225658", "correlationVector":"d4v6CpW2AP0vtxaUQIAQyo.2","action":"GetUpdates Response", "result":"SYNCER_OK", "context":Received 2 update(s). cV=d4v6CpW2AP0vtxaUQIAQyo.0;server=GENERAL0100000K;cloudType=Consumer;environment=Prod_SoutheastAsia_000j;migrationStage=NotStarted}
{"logTime": "1029/225742", "correlationVector":"lm/fH8hC2fuVc5cNjPJeDA","action":"Normal GetUpdate request", "result":"", "context":cV=lm/fH8hC2fuVc5cNjPJeDA
Notified types: Typed URLs}
{"logTime": "1029/225743", "correlationVector":"lm/fH8hC2fuVc5cNjPJeDA.1","action":"SyncServerConnectionManagerRequest", "result":"SYNC_SERVER_OK", "context":{"environment":"Prod_SoutheastAsia_000j", "migrationStage":"NotStarted", "server":"GENERAL0100000U"}}
{"logTime": "1029/225743", "correlationVector":"lm/fH8hC2fuVc5cNjPJeDA.2","action":"GetUpdates Response", "result":"SYNCER_OK", "context":Received 2 update(s). cV=lm/fH8hC2fuVc5cNjPJeDA.0;server=GENERAL0100000U;cloudType=Consumer;environment=Prod_SoutheastAsia_000j;migrationStage=NotStarted}
{"logTime": "1029/225957", "correlationVector":"T2pnt0pJK9Sxx5/WCYAFrK","action":"Normal GetUpdate request", "result":"", "context":cV=T2pnt0pJK9Sxx5/WCYAFrK
Notified types: Typed URLs}
{"logTime": "1029/225958", "correlationVector":"T2pnt0pJK9Sxx5/WCYAFrK.1","action":"SyncServerConnectionManagerRequest", "result":"SYNC_SERVER_OK", "context":{"environment":"Prod_SoutheastAsia_000j", "migrationStage":"NotStarted", "server":"GENERAL0100000A"}}
{"logTime": "1029/225958", "correlationVector":"T2pnt0pJK9Sxx5/WCYAFrK.2","action":"GetUpdates Response", "result":"SYNCER_OK", "context":Received 2 update(s). cV=T2pnt0pJK9Sxx5/WCYAFrK.0;server=GENERAL0100000A;cloudType=Consumer;environment=Prod_SoutheastAsia_000j;migrationStage=NotStarted}
{"logTime": "1029/230151", "correlationVector":"GNepflwxIXK9Xp96SOxK+6","action":"Normal GetUpdate request", "result":"", "context":cV=GNepflwxIXK9Xp96SOxK+6
Notified types: Typed URLs}
{"logTime": "1029/230151", "correlationVector":"GNepflwxIXK9Xp96SOxK+6.1","action":"SyncServerConnectionManagerRequest", "result":"SYNC_SERVER_OK", "context":{"environment":"Prod_SoutheastAsia_000j", "migrationStage":"NotStarted", "server":"GENERAL01000008"}}
{"logTime": "1029/230151", "correlationVector":"GNepflwxIXK9Xp96SOxK+6.2","action":"GetUpdates Response", "result":"SYNCER_OK", "context":Received 2 update(s). cV=GNepflwxIXK9Xp96SOxK+6.0;server=GENERAL01000008;cloudType=Consumer;environment=Prod_SoutheastAsia_000j;migrationStage=NotStarted}
{"logTime": "1029/230244", "correlationVector":"95/5I7jLHCHzvva/1SxHeh","action":"Commit Request", "result":"", "context":Item count: 2
Contributing types: Sessions}
{"logTime": "1029/230245", "correlationVector":"95/5I7jLHCHzvva/1SxHeh.1","action":"SyncServerConnectionManagerRequest", "result":"SYNC_SERVER_OK", "context":{"environment":"Prod_SoutheastAsia_000j", "migrationStage":"NotStarted", "server":"GENERAL0100001D"}}
{"logTime": "1029/230245", "correlationVector":"95/5I7jLHCHzvva/1SxHeh.3","action":"Commit.Sessions", "result":"Success", "context":{"id":"fddc1495-6d30-4e6a-afef-cc1b24b31230", "isDeleted":"true", "size":"0", "version":"1698620180543"}}
{"logTime": "1029/230245", "correlationVector":"95/5I7jLHCHzvva/1SxHeh.2","action":"Commit Response", "result":"SYNCER_OK", "context":Result: SYNCER_OK. cV=95/5I7jLHCHzvva/1SxHeh.0;server=GENERAL0100001D;cloudType=Consumer;environment=Prod_SoutheastAsia_000j;migrationStage=NotStarted}
{"logTime": "1029/231321", "correlationVector":"qpfeuK6i2mVJDfQLNtqRpw.0","action":"FeedSettingFetch_homeCloud", "result":"0", "context":{}}
{"logTime": "1029/231321", "correlationVector":"tSAfOnA8ugI4WA4aVF3ofG.1","action":"SyncServerConnectionManagerRequest", "result":"SYNC_SERVER_OK", "context":{"environment":"Prod_SoutheastAsia_000j", "migrationStage":"NotStarted", "server":"GENERAL01000014"}}
{"logTime": "1029/231321", "correlationVector":"tSAfOnA8ugI4WA4aVF3ofG","action":"Initial GetUpdates", "result":"", "context":Reason: NEW_CLIENT. cV=tSAfOnA8ugI4WA4aVF3ofG}
{"logTime": "1029/231321", "correlationVector":"tSAfOnA8ugI4WA4aVF3ofG.2","action":"GetUpdates Response", "result":"SYNCER_OK", "context":Received 1 update(s). cV=tSAfOnA8ugI4WA4aVF3ofG.0;server=GENERAL01000014;cloudType=Consumer;environment=Prod_SoutheastAsia_000j;migrationStage=NotStarted}
{"logTime": "1029/231321", "correlationVector":"D49en2ZjxtawL14VECP9Vy","action":"Initial GetUpdates", "result":"", "context":Reason: NEWLY_SUPPORTED_DATATYPE. cV=D49en2ZjxtawL14VECP9Vy}
{"logTime": "1029/231321", "correlationVector":"D49en2ZjxtawL14VECP9Vy.1","action":"SyncServerConnectionManagerRequest", "result":"SYNC_SERVER_OK", "context":{"environment":"Prod_SoutheastAsia_000j", "migrationStage":"NotStarted", "server":"GENERAL0100000F"}}
{"logTime": "1029/231321", "correlationVector":"D49en2ZjxtawL14VECP9Vy.2","action":"GetUpdates", "result":"DeleteReceived", "context":{"id":"bf82d53d-9920-4c9a-abd1-f6cca9fa6047", "isDeleted:":"true", "version":"1676985495659"}}
{"logTime": "1029/231321", "correlationVector":"D49en2ZjxtawL14VECP9Vy.3","action":"GetUpdates", "result":"DeleteReceived", "context":{"id":"d454437b-79b7-47ea-a17b-571954a5e067", "isDeleted:":"true", "version":"1679096261782"}}
{"logTime": "1029/231321", "correlationVector":"D49en2ZjxtawL14VECP9Vy.4","action":"GetUpdates", "result":"DeleteReceived", "context":{"id":"8264d3e2-4389-4fad-a756-32c5418fa60e", "isDeleted:":"true", "version":"1686843987229"}}
{"logTime": "1029/231321", "correlationVector":"D49en2ZjxtawL14VECP9Vy.5","action":"GetUpdates", "result":"DeleteReceived", "context":{"id":"08f3e218-0234-4b37-8b0e-4f44a75043bf", "isDeleted:":"true", "version":"1686843989571"}}
{"logTime": "1029/231321", "correlationVector":"D49en2ZjxtawL14VECP9Vy.6","action":"GetUpdates", "result":"DeleteReceived", "context":{"id":"c13bee18-03a9-41b8-a2db-b843d2d992e5", "isDeleted:":"true", "version":"1686843992119"}}
{"logTime": "1029/231321", "correlationVector":"D49en2ZjxtawL14VECP9Vy.7","action":"GetUpdates", "result":"DeleteReceived", "context":{"id":"59331ed0-82ad-421f-abba-3239fda06649", "isDeleted:":"true", "version":"1686844035069"}}
{"logTime": "1029/231321", "correlationVector":"D49en2ZjxtawL14VECP9Vy.8","action":"GetUpdates", "result":"DeleteReceived", "context":{"id":"80a18a1e-52f3-4693-a514-94d407d1d271", "isDeleted:":"true", "version":"1686844086195"}}
{"logTime": "1029/231321", "correlationVector":"D49en2ZjxtawL14VECP9Vy.9","action":"GetUpdates", "result":"DeleteReceived", "context":{"id":"1abd8a26-9cf0-4f23-9268-9397333b4604", "isDeleted:":"true", "version":"1687246261097"}}
{"logTime": "1029/231321", "correlationVector":"D49en2ZjxtawL14VECP9Vy.10","action":"GetUpdates", "result":"DeleteReceived", "context":{"id":"c33e4fe8-afd3-4748-af94-398526e53b7c", "isDeleted:":"true", "version":"1689128354164"}}
{"logTime": "1029/231321", "correlationVector":"D49en2ZjxtawL14VECP9Vy.11","action":"GetUpdates", "result":"DeleteReceived", "context":{"id":"aaa19ea7-a01d-4057-9ca2-ab2b846880fe", "isDeleted:":"true", "version":"1689140816792"}}
{"logTime": "1029/231321", "correlationVector":"D49en2ZjxtawL14VECP9Vy.12","action":"GetUpdates", "result":"DeleteReceived", "context":{"id":"b1b4df6b-b5a3-4131-a5b6-41f20675164c", "isDeleted:":"true", "version":"1689828563363"}}
{"logTime": "1029/231321", "correlationVector":"D49en2ZjxtawL14VECP9Vy.13","action":"GetUpdates", "result":"DeleteReceived", "context":{"id":"41ead0e0-0255-49fa-8010-545a09d4c397", "isDeleted:":"true", "version":"1693204210252"}}
{"logTime": "1029/231321", "correlationVector":"D49en2ZjxtawL14VECP9Vy.14","action":"GetUpdates", "result":"DeleteReceived", "context":{"id":"a9752417-48d6-4405-9cf9-cabb16d69586", "isDeleted:":"true", "version":"1696083177892"}}
{"logTime": "1029/231321", "correlationVector":"D49en2ZjxtawL14VECP9Vy.15","action":"GetUpdates", "result":"DeleteReceived", "context":{"id":"bd0d8643-2166-444d-a423-c6320e6590b9", "isDeleted:":"true", "version":"1697160981916"}}
{"logTime": "1029/231321", "correlationVector":"D49en2ZjxtawL14VECP9Vy.16","action":"GetUpdates Response", "result":"SYNCER_OK", "context":Received 109 update(s). cV=D49en2ZjxtawL14VECP9Vy.0;server=GENERAL0100000F;cloudType=Consumer;environment=Prod_SoutheastAsia_000j;migrationStage=NotStarted}
{"logTime": "1029/231321", "correlationVector":"6qGxhIRW+H2BE0etb4uvBb","action":"Normal GetUpdate request", "result":"", "context":cV=6qGxhIRW+H2BE0etb4uvBb
Nudged types: Sessions, User Consents
Refresh requested types: Bookmarks, Preferences, Passwords, Autofill Profiles, Autofill, Autofill Custom Data, Typed URLs, Extensions, Sessions, Extension settings, History Delete Directives, Device Info, User Consents, Send Tab To Self, Web Apps, Collection, Edge E Drop, Edge Hub App Usage, Edge Wallet, Encryption Keys}
{"logTime": "1029/231321", "correlationVector":"6qGxhIRW+H2BE0etb4uvBb.1","action":"SyncServerConnectionManagerRequest", "result":"SYNC_SERVER_OK", "context":{"environment":"Prod_SoutheastAsia_000j", "migrationStage":"NotStarted", "server":"GENERAL0100001I"}}
{"logTime": "1029/231321", "correlationVector":"6qGxhIRW+H2BE0etb4uvBb.2","action":"GetUpdates", "result":"DeleteReceived", "context":{"id":"7f30e2f2-eb91-4c4b-bb62-48d4b36d1a70", "isDeleted:":"true", "version":"1698621178938"}}
{"logTime": "1029/231321", "correlationVector":"6qGxhIRW+H2BE0etb4uvBb.3","action":"GetUpdates", "result":"DeleteReceived", "context":{"id":"144b1bb7-bc73-4a30-8290-008049e77efc", "isDeleted:":"true", "version":"1698621178939"}}
{"logTime": "1029/231321", "correlationVector":"6qGxhIRW+H2BE0etb4uvBb.4","action":"GetUpdates", "result":"DeleteReceived", "context":{"id":"fddc1495-6d30-4e6a-afef-cc1b24b31230", "isDeleted:":"true", "version":"1698620561201"}}
{"logTime": "1029/231321", "correlationVector":"6qGxhIRW+H2BE0etb4uvBb.5","action":"GetUpdates", "result":"DeleteReceived", "context":{"id":"8e357614-455e-4f3c-8f92-08a4f8ee4e67", "isDeleted:":"true", "version":"1698620715660"}}
{"logTime": "1029/231321", "correlationVector":"6qGxhIRW+H2BE0etb4uvBb.6","action":"GetUpdates Response", "result":"SYNCER_OK", "context":Received 14 update(s). cV=6qGxhIRW+H2BE0etb4uvBb.0;server=GENERAL0100001I;cloudType=Consumer;environment=Prod_SoutheastAsia_000j;migrationStage=NotStarted}
{"logTime": "1029/231321", "correlationVector":"MeQWM4iu9GOf/MwiNkSWzJ","action":"Commit Request", "result":"", "context":Item count: 1
Contributing types: User Consents}
{"logTime": "1029/231321", "correlationVector":"MeQWM4iu9GOf/MwiNkSWzJ.1","action":"SyncServerConnectionManagerRequest", "result":"SYNC_SERVER_OK", "context":{"environment":"Prod_SoutheastAsia_000j", "migrationStage":"NotStarted", "server":"GENERAL01000019"}}
{"logTime": "1029/231321", "correlationVector":"MeQWM4iu9GOf/MwiNkSWzJ.2","action":"Commit Response", "result":"SYNCER_OK", "context":Result: SYNCER_OK. cV=MeQWM4iu9GOf/MwiNkSWzJ.0;server=GENERAL01000019;cloudType=Consumer;environment=Prod_SoutheastAsia_000j;migrationStage=NotStarted}
{"logTime": "1029/231324", "correlationVector":"cgoB2DcI5KLCX4sCIL5xFc","action":"SyncServerConnectionManagerRequest", "result":"SYNC_SERVER_OK", "context":{"environment":"", "migrationStage":"", "server":""}}
{"logTime": "1029/231324", "correlationVector":"TvhyC0J7tXR+/CLizTEmNN","action":"Normal GetUpdate request", "result":"", "context":cV=TvhyC0J7tXR+/CLizTEmNN
Nudged types: Preferences}
{"logTime": "1029/231325", "correlationVector":"TvhyC0J7tXR+/CLizTEmNN.1","action":"SyncServerConnectionManagerRequest", "result":"SYNC_SERVER_OK", "context":{"environment":"Prod_SoutheastAsia_000j", "migrationStage":"NotStarted", "server":"GENERAL0100000Z"}}
{"logTime": "1029/231325", "correlationVector":"TvhyC0J7tXR+/CLizTEmNN.2","action":"GetUpdates Response", "result":"SYNCER_OK", "context":Received 0 update(s). cV=TvhyC0J7tXR+/CLizTEmNN.0;server=GENERAL0100000Z;cloudType=Consumer;environment=Prod_SoutheastAsia_000j;migrationStage=NotStarted}
{"logTime": "1029/231325", "correlationVector":"1pcE39/TY1epNxhC12kqbO","action":"Commit Request", "result":"", "context":Item count: 1
Contributing types: Preferences}
{"logTime": "1029/231325", "correlationVector":"1pcE39/TY1epNxhC12kqbO.1","action":"SyncServerConnectionManagerRequest", "result":"SYNC_SERVER_OK", "context":{"environment":"Prod_SoutheastAsia_000j", "migrationStage":"NotStarted", "server":"GENERAL01000009"}}
{"logTime": "1029/231325", "correlationVector":"1pcE39/TY1epNxhC12kqbO.2","action":"Commit Response", "result":"SYNCER_OK", "context":Result: SYNCER_OK. cV=1pcE39/TY1epNxhC12kqbO.0;server=GENERAL01000009;cloudType=Consumer;environment=Prod_SoutheastAsia_000j;migrationStage=NotStarted}
{"logTime": "1029/231326", "correlationVector":"6xdElYFvSz8gSx1XB0dQ63","action":"Normal GetUpdate request", "result":"", "context":cV=6xdElYFvSz8gSx1XB0dQ63
Nudged types: Preferences
Notified types: Typed URLs
Refresh requested types: Bookmarks, Preferences, Passwords, Autofill Profiles, Autofill, Autofill Custom Data, Typed URLs, Extensions, Sessions, Extension settings, History Delete Directives, Device Info, User Consents, Send Tab To Self, Web Apps, Collection, Edge E Drop, Edge Hub App Usage, Edge Wallet, Encryption Keys}
{"logTime": "1029/231326", "correlationVector":"6xdElYFvSz8gSx1XB0dQ63.1","action":"SyncServerConnectionManagerRequest", "result":"SYNC_SERVER_OK", "context":{"environment":"Prod_SoutheastAsia_000j", "migrationStage":"NotStarted", "server":"GENERAL01000000"}}
{"logTime": "1029/231326", "correlationVector":"6xdElYFvSz8gSx1XB0dQ63.2","action":"GetUpdates Response", "result":"SYNCER_OK", "context":Received 1 update(s). cV=6xdElYFvSz8gSx1XB0dQ63.0;server=GENERAL01000000;cloudType=Consumer;environment=Prod_SoutheastAsia_000j;migrationStage=NotStarted}
{"logTime": "1029/231400", "correlationVector":"CMu8aM+iRzZhpRHue5sfch","action":"Commit Request", "result":"", "context":Item count: 2
Contributing types: Sessions}
{"logTime": "1029/231400", "correlationVector":"CMu8aM+iRzZhpRHue5sfch.1","action":"SyncServerConnectionManagerRequest", "result":"SYNC_SERVER_OK", "context":{"environment":"Prod_SoutheastAsia_000j", "migrationStage":"NotStarted", "server":"GENERAL0100000Z"}}
{"logTime": "1029/231400", "correlationVector":"CMu8aM+iRzZhpRHue5sfch.2","action":"Commit Response", "result":"SYNCER_OK", "context":Result: SYNCER_OK. cV=CMu8aM+iRzZhpRHue5sfch.0;server=GENERAL0100000Z;cloudType=Consumer;environment=Prod_SoutheastAsia_000j;migrationStage=NotStarted}
{"logTime": "1029/231409", "correlationVector":"pCxiJvwD4zSKcWRilVYA3l","action":"Commit Request", "result":"", "context":Item count: 1
Contributing types: Preferences}
{"logTime": "1029/231409", "correlationVector":"pCxiJvwD4zSKcWRilVYA3l.1","action":"SyncServerConnectionManagerRequest", "result":"SYNC_SERVER_OK", "context":{"environment":"Prod_SoutheastAsia_000j", "migrationStage":"NotStarted", "server":"GENERAL0100001H"}}
{"logTime": "1029/231409", "correlationVector":"pCxiJvwD4zSKcWRilVYA3l.2","action":"Commit Response", "result":"SYNCER_OK", "context":Result: SYNCER_OK. cV=pCxiJvwD4zSKcWRilVYA3l.0;server=GENERAL0100001H;cloudType=Consumer;environment=Prod_SoutheastAsia_000j;migrationStage=NotStarted}
{"logTime": "1029/231411", "correlationVector":"sFFYPUS65IMwLrUn4kO4JE","action":"Normal GetUpdate request", "result":"", "context":cV=sFFYPUS65IMwLrUn4kO4JE
Notified types: Typed URLs}
{"logTime": "1029/231412", "correlationVector":"sFFYPUS65IMwLrUn4kO4JE.1","action":"SyncServerConnectionManagerRequest", "result":"SYNC_SERVER_OK", "context":{"environment":"Prod_SoutheastAsia_000j", "migrationStage":"NotStarted", "server":"GENERAL0100000P"}}
{"logTime": "1029/231412", "correlationVector":"sFFYPUS65IMwLrUn4kO4JE.2","action":"GetUpdates", "result":"DeleteReceived", "context":{"id":"1b5d95a7-7085-4b49-85c2-7a2178044a30", "isDeleted:":"true", "version":"1698621246815"}}
{"logTime": "1029/231412", "correlationVector":"sFFYPUS65IMwLrUn4kO4JE.3","action":"GetUpdates Response", "result":"SYNCER_OK", "context":Received 4 update(s). cV=sFFYPUS65IMwLrUn4kO4JE.0;server=GENERAL0100000P;cloudType=Consumer;environment=Prod_SoutheastAsia_000j;migrationStage=NotStarted}
{"logTime": "1029/231446", "correlationVector":"69htjW+fXnGQR1jCib/q3i","action":"Normal GetUpdate request", "result":"", "context":cV=69htjW+fXnGQR1jCib/q3i
Notified types: Typed URLs}
{"logTime": "1029/231447", "correlationVector":"69htjW+fXnGQR1jCib/q3i.1","action":"SyncServerConnectionManagerRequest", "result":"SYNC_SERVER_OK", "context":{"environment":"Prod_EastAsia_000d", "migrationStage":"NotStarted", "server":"GENERAL0100001A"}}
{"logTime": "1029/231447", "correlationVector":"69htjW+fXnGQR1jCib/q3i.2","action":"GetUpdates", "result":"DeleteReceived", "context":{"id":"675fe52b-c399-4945-b321-cc5342b7629c", "isDeleted:":"true", "version":"1698621281768"}}
{"logTime": "1029/231447", "correlationVector":"69htjW+fXnGQR1jCib/q3i.3","action":"GetUpdates", "result":"DeleteReceived", "context":{"id":"789d506f-8f35-4447-a613-a06a0e0c2b40", "isDeleted:":"true", "version":"1698621281769"}}
{"logTime": "1029/231447", "correlationVector":"69htjW+fXnGQR1jCib/q3i.4","action":"GetUpdates Response", "result":"SYNCER_OK", "context":Received 2 update(s). cV=69htjW+fXnGQR1jCib/q3i.0;server=GENERAL0100001A;cloudType=Consumer;environment=Prod_EastAsia_000d;migrationStage=NotStarted}
{"logTime": "1029/231521", "correlationVector":"c9+K9kKSUA0vv+lE8fZ6QB","action":"Normal GetUpdate request", "result":"", "context":cV=c9+K9kKSUA0vv+lE8fZ6QB
Notified types: Typed URLs}
{"logTime": "1029/231522", "correlationVector":"c9+K9kKSUA0vv+lE8fZ6QB.1","action":"SyncServerConnectionManagerRequest", "result":"SYNC_SERVER_OK", "context":{"environment":"Prod_EastAsia_000d", "migrationStage":"NotStarted", "server":"GENERAL0100001H"}}
{"logTime": "1029/231522", "correlationVector":"c9+K9kKSUA0vv+lE8fZ6QB.2","action":"GetUpdates Response", "result":"SYNCER_OK", "context":Received 6 update(s). cV=c9+K9kKSUA0vv+lE8fZ6QB.0;server=GENERAL0100001H;cloudType=Consumer;environment=Prod_EastAsia_000d;migrationStage=NotStarted}
{"logTime": "1029/231554", "correlationVector":"mnaOawRidAjio1oYarx7DO","action":"Normal GetUpdate request", "result":"", "context":cV=mnaOawRidAjio1oYarx7DO
Notified types: Typed URLs}
{"logTime": "1029/231554", "correlationVector":"mnaOawRidAjio1oYarx7DO.1","action":"SyncServerConnectionManagerRequest", "result":"SYNC_SERVER_OK", "context":{"environment":"Prod_SoutheastAsia_000j", "migrationStage":"NotStarted", "server":"GENERAL0100001C"}}
{"logTime": "1029/231554", "correlationVector":"mnaOawRidAjio1oYarx7DO.2","action":"GetUpdates", "result":"DeleteReceived", "context":{"id":"a1ed278c-7164-4150-a3fd-dd878875c12e", "isDeleted:":"true", "version":"1698621348874"}}
{"logTime": "1029/231554", "correlationVector":"mnaOawRidAjio1oYarx7DO.3","action":"GetUpdates", "result":"DeleteReceived", "context":{"id":"95a86bd9-7ea4-425a-a9cb-8865a8056c82", "isDeleted:":"true", "version":"1698621348875"}}
{"logTime": "1029/231554", "correlationVector":"mnaOawRidAjio1oYarx7DO.4","action":"GetUpdates", "result":"DeleteReceived", "context":{"id":"f29602d6-2051-403c-bd8e-36c5271c56d5", "isDeleted:":"true", "version":"1698621348877"}}
{"logTime": "1029/231554", "correlationVector":"mnaOawRidAjio1oYarx7DO.5","action":"GetUpdates", "result":"DeleteReceived", "context":{"id":"97d9aad3-1696-4105-885d-df5d9c79a8b0", "isDeleted:":"true", "version":"1698621348878"}}
{"logTime": "1029/231554", "correlationVector":"mnaOawRidAjio1oYarx7DO.6","action":"GetUpdates", "result":"DeleteReceived", "context":{"id":"63f244fd-db05-4919-b235-d3d5ad1dbac7", "isDeleted:":"true", "version":"1698621348881"}}
{"logTime": "1029/231554", "correlationVector":"mnaOawRidAjio1oYarx7DO.7","action":"GetUpdates Response", "result":"SYNCER_OK", "context":Received 9 update(s). cV=mnaOawRidAjio1oYarx7DO.0;server=GENERAL0100001C;cloudType=Consumer;environment=Prod_SoutheastAsia_000j;migrationStage=NotStarted}
{"logTime": "1029/231634", "correlationVector":"YsrglwI/Fd5KDUreRZzL82","action":"Normal GetUpdate request", "result":"", "context":cV=YsrglwI/Fd5KDUreRZzL82
Notified types: Typed URLs}
{"logTime": "1029/231634", "correlationVector":"YsrglwI/Fd5KDUreRZzL82.1","action":"SyncServerConnectionManagerRequest", "result":"SYNC_SERVER_OK", "context":{"environment":"Prod_SoutheastAsia_000j", "migrationStage":"NotStarted", "server":"GENERAL0100000F"}}
{"logTime": "1029/231634", "correlationVector":"YsrglwI/Fd5KDUreRZzL82.2","action":"GetUpdates", "result":"DeleteReceived", "context":{"id":"c3067804-317e-4f73-8f16-ec6ee124ddb5", "isDeleted:":"true", "version":"1698621389060"}}
{"logTime": "1029/231634", "correlationVector":"YsrglwI/Fd5KDUreRZzL82.3","action":"GetUpdates", "result":"DeleteReceived", "context":{"id":"d17f0d84-244d-4180-bf23-0dee29674c9c", "isDeleted:":"true", "version":"1698621389061"}}
{"logTime": "1029/231634", "correlationVector":"YsrglwI/Fd5KDUreRZzL82.4","action":"GetUpdates", "result":"DeleteReceived", "context":{"id":"b44a2dc8-b905-4c80-a2a7-7d1b0e80a98a", "isDeleted:":"true", "version":"1698621389062"}}
{"logTime": "1029/231634", "correlationVector":"YsrglwI/Fd5KDUreRZzL82.5","action":"GetUpdates Response", "result":"SYNCER_OK", "context":Received 3 update(s). cV=YsrglwI/Fd5KDUreRZzL82.0;server=GENERAL0100000F;cloudType=Consumer;environment=Prod_SoutheastAsia_000j;migrationStage=NotStarted}
{"logTime": "1029/231712", "correlationVector":"Q/K8rFNfISlAjgpkb8r5vO","action":"Normal GetUpdate request", "result":"", "context":cV=Q/K8rFNfISlAjgpkb8r5vO
Notified types: Typed URLs}
{"logTime": "1029/231713", "correlationVector":"Q/K8rFNfISlAjgpkb8r5vO.1","action":"SyncServerConnectionManagerRequest", "result":"SYNC_SERVER_OK", "context":{"environment":"Prod_SoutheastAsia_000j", "migrationStage":"NotStarted", "server":"GENERAL0100000H"}}
{"logTime": "1029/231713", "correlationVector":"Q/K8rFNfISlAjgpkb8r5vO.2","action":"GetUpdates", "result":"DeleteReceived", "context":{"id":"0b1d507f-4d41-41a7-a977-2778e5dcc3dd", "isDeleted:":"true", "version":"1698621427669"}}
{"logTime": "1029/231713", "correlationVector":"Q/K8rFNfISlAjgpkb8r5vO.3","action":"GetUpdates Response", "result":"SYNCER_OK", "context":Received 1 update(s). cV=Q/K8rFNfISlAjgpkb8r5vO.0;server=GENERAL0100000H;cloudType=Consumer;environment=Prod_SoutheastAsia_000j;migrationStage=NotStarted}
{"logTime": "1029/231750", "correlationVector":"Fg8r2WPxE1/wvTm19lFRx1","action":"Normal GetUpdate request", "result":"", "context":cV=Fg8r2WPxE1/wvTm19lFRx1
Notified types: Typed URLs}
{"logTime": "1029/231751", "correlationVector":"Fg8r2WPxE1/wvTm19lFRx1.1","action":"SyncServerConnectionManagerRequest", "result":"SYNC_SERVER_OK", "context":{"environment":"Prod_SoutheastAsia_000j", "migrationStage":"NotStarted", "server":"GENERAL0100001I"}}
{"logTime": "1029/231751", "correlationVector":"Fg8r2WPxE1/wvTm19lFRx1.2","action":"GetUpdates", "result":"DeleteReceived", "context":{"id":"eff04f27-2ca2-481f-a943-e4e67b0567a7", "isDeleted:":"true", "version":"1698621465993"}}
{"logTime": "1029/231751", "correlationVector":"Fg8r2WPxE1/wvTm19lFRx1.3","action":"GetUpdates", "result":"DeleteReceived", "context":{"id":"b39f84c7-0283-4799-a0b5-a27594ad8876", "isDeleted:":"true", "version":"1698621465994"}}
{"logTime": "1029/231751", "correlationVector":"Fg8r2WPxE1/wvTm19lFRx1.4","action":"GetUpdates Response", "result":"SYNCER_OK", "context":Received 4 update(s). cV=Fg8r2WPxE1/wvTm19lFRx1.0;server=GENERAL0100001I;cloudType=Consumer;environment=Prod_SoutheastAsia_000j;migrationStage=NotStarted}
{"logTime": "1029/231822", "correlationVector":"KRq7AtslZXfmlmm56/GLP0","action":"Normal GetUpdate request", "result":"", "context":cV=KRq7AtslZXfmlmm56/GLP0
Notified types: Typed URLs}
{"logTime": "1029/231823", "correlationVector":"KRq7AtslZXfmlmm56/GLP0.1","action":"SyncServerConnectionManagerRequest", "result":"SYNC_SERVER_OK", "context":{"environment":"Prod_EastAsia_000d", "migrationStage":"NotStarted", "server":"GENERAL0100001Z"}}
{"logTime": "1029/231823", "correlationVector":"KRq7AtslZXfmlmm56/GLP0.2","action":"GetUpdates", "result":"DeleteReceived", "context":{"id":"8bdd88da-1850-4c9d-a345-f73701426ff5", "isDeleted:":"true", "version":"1698621497292"}}
{"logTime": "1029/231823", "correlationVector":"KRq7AtslZXfmlmm56/GLP0.3","action":"GetUpdates", "result":"DeleteReceived", "context":{"id":"f92fdb1c-8afb-416a-baee-eaae4b6e0659", "isDeleted:":"true", "version":"1698621497293"}}
{"logTime": "1029/231823", "correlationVector":"KRq7AtslZXfmlmm56/GLP0.4","action":"GetUpdates", "result":"DeleteReceived", "context":{"id":"e8636da3-82bc-4372-a171-b1c2225fb4a0", "isDeleted:":"true", "version":"1698621497294"}}
{"logTime": "1029/231823", "correlationVector":"KRq7AtslZXfmlmm56/GLP0.5","action":"GetUpdates", "result":"DeleteReceived", "context":{"id":"84c44b07-654d-4536-b0c0-bb7285ff3414", "isDeleted:":"true", "version":"1698621497295"}}
{"logTime": "1029/231823", "correlationVector":"KRq7AtslZXfmlmm56/GLP0.6","action":"GetUpdates", "result":"DeleteReceived", "context":{"id":"0aa3ae79-619c-46e8-934f-07e50a96326d", "isDeleted:":"true", "version":"1698621497296"}}
{"logTime": "1029/231823", "correlationVector":"KRq7AtslZXfmlmm56/GLP0.7","action":"GetUpdates", "result":"DeleteReceived", "context":{"id":"d7c39791-f09b-485a-8fac-180ffc01c310", "isDeleted:":"true", "version":"1698621497297"}}
{"logTime": "1029/231823", "correlationVector":"KRq7AtslZXfmlmm56/GLP0.8","action":"GetUpdates Response", "result":"SYNCER_OK", "context":Received 6 update(s). cV=KRq7AtslZXfmlmm56/GLP0.0;server=GENERAL0100001Z;cloudType=Consumer;environment=Prod_EastAsia_000d;migrationStage=NotStarted}
{"logTime": "1029/231936", "correlationVector":"6NatrG+K49DcWSHCUdMrYf","action":"Normal GetUpdate request", "result":"", "context":cV=6NatrG+K49DcWSHCUdMrYf
Notified types: Typed URLs}
{"logTime": "1029/231937", "correlationVector":"6NatrG+K49DcWSHCUdMrYf.1","action":"SyncServerConnectionManagerRequest", "result":"SYNC_SERVER_OK", "context":{"environment":"Prod_SoutheastAsia_000j", "migrationStage":"NotStarted", "server":"GENERAL01000005"}}
{"logTime": "1029/231937", "correlationVector":"6NatrG+K49DcWSHCUdMrYf.2","action":"GetUpdates", "result":"DeleteReceived", "context":{"id":"548daf3f-255a-43b3-94d5-063462829cca", "isDeleted:":"true", "version":"1698621572006"}}
{"logTime": "1029/231937", "correlationVector":"6NatrG+K49DcWSHCUdMrYf.3","action":"GetUpdates Response", "result":"SYNCER_OK", "context":Received 1 update(s). cV=6NatrG+K49DcWSHCUdMrYf.0;server=GENERAL01000005;cloudType=Consumer;environment=Prod_SoutheastAsia_000j;migrationStage=NotStarted}
{"logTime": "1029/232245", "correlationVector":"P59ACt9LcaSaE9QI70TlAq","action":"Commit Request", "result":"", "context":Item count: 1
Contributing types: Sessions}
{"logTime": "1029/232246", "correlationVector":"P59ACt9LcaSaE9QI70TlAq.1","action":"SyncServerConnectionManagerRequest", "result":"SYNC_SERVER_OK", "context":{"environment":"Prod_SoutheastAsia_000j", "migrationStage":"NotStarted", "server":"GENERAL01000009"}}
{"logTime": "1029/232246", "correlationVector":"P59ACt9LcaSaE9QI70TlAq.2","action":"Commit Response", "result":"SYNCER_OK", "context":Result: SYNCER_OK. cV=P59ACt9LcaSaE9QI70TlAq.0;server=GENERAL01000009;cloudType=Consumer;environment=Prod_SoutheastAsia_000j;migrationStage=NotStarted}
{"logTime": "1029/232250", "correlationVector":"fdjAl06x8obHa2l514GyJK","action":"Normal GetUpdate request", "result":"", "context":cV=fdjAl06x8obHa2l514GyJK
Notified types: Typed URLs}
{"logTime": "1029/232251", "correlationVector":"fdjAl06x8obHa2l514GyJK.1","action":"SyncServerConnectionManagerRequest", "result":"SYNC_SERVER_OK", "context":{"environment":"Prod_SoutheastAsia_000j", "migrationStage":"NotStarted", "server":"GENERAL0100000D"}}
{"logTime": "1029/232251", "correlationVector":"fdjAl06x8obHa2l514GyJK.2","action":"GetUpdates Response", "result":"SYNCER_OK", "context":Received 2 update(s). cV=fdjAl06x8obHa2l514GyJK.0;server=GENERAL0100000D;cloudType=Consumer;environment=Prod_SoutheastAsia_000j;migrationStage=NotStarted}
{"logTime": "1029/232350", "correlationVector":"2g0uLhpa0T7hq0VzHZtQjA","action":"Commit Request", "result":"", "context":Item count: 1
Contributing types: Sessions}
{"logTime": "1029/232350", "correlationVector":"2g0uLhpa0T7hq0VzHZtQjA.1","action":"SyncServerConnectionManagerRequest", "result":"SYNC_SERVER_OK", "context":{"environment":"Prod_SoutheastAsia_000j", "migrationStage":"NotStarted", "server":"GENERAL01000008"}}
{"logTime": "1029/232350", "correlationVector":"2g0uLhpa0T7hq0VzHZtQjA.2","action":"Commit Response", "result":"SYNCER_OK", "context":Result: SYNCER_OK. cV=2g0uLhpa0T7hq0VzHZtQjA.0;server=GENERAL01000008;cloudType=Consumer;environment=Prod_SoutheastAsia_000j;migrationStage=NotStarted}
{"logTime": "1029/232423", "correlationVector":"SN81nfs/d5V33mFln3y17W","action":"Commit Request", "result":"", "context":Item count: 1
Contributing types: Sessions}
{"logTime": "1029/232424", "correlationVector":"SN81nfs/d5V33mFln3y17W.1","action":"SyncServerConnectionManagerRequest", "result":"SYNC_SERVER_OK", "context":{"environment":"Prod_SoutheastAsia_000j", "migrationStage":"NotStarted", "server":"GENERAL0100000Z"}}
{"logTime": "1029/232424", "correlationVector":"SN81nfs/d5V33mFln3y17W.2","action":"Commit Response", "result":"SYNCER_OK", "context":Result: SYNCER_OK. cV=SN81nfs/d5V33mFln3y17W.0;server=GENERAL0100000Z;cloudType=Consumer;environment=Prod_SoutheastAsia_000j;migrationStage=NotStarted}
{"logTime": "1029/233046", "correlationVector":"q8wyMemj6myguasKBI0ojB","action":"Commit Request", "result":"", "context":Item count: 1
Contributing types: Typed URLs}
{"logTime": "1029/233047", "correlationVector":"q8wyMemj6myguasKBI0ojB.1","action":"SyncServerConnectionManagerRequest", "result":"SYNC_SERVER_OK", "context":{"environment":"Prod_SoutheastAsia_000j", "migrationStage":"NotStarted", "server":"GENERAL0100001L"}}
{"logTime": "1029/233047", "correlationVector":"q8wyMemj6myguasKBI0ojB.2","action":"Commit Response", "result":"SYNCER_OK", "context":Result: SYNCER_OK. cV=q8wyMemj6myguasKBI0ojB.0;server=GENERAL0100001L;cloudType=Consumer;environment=Prod_SoutheastAsia_000j;migrationStage=NotStarted}
{"logTime": "1029/233153", "correlationVector":"BJpOVv4EgeXYpNTlS/zLqf","action":"Commit Request", "result":"", "context":Item count: 1
Contributing types: Sessions}
{"logTime": "1029/233153", "correlationVector":"BJpOVv4EgeXYpNTlS/zLqf.1","action":"SyncServerConnectionManagerRequest", "result":"SYNC_SERVER_OK", "context":{"environment":"Prod_SoutheastAsia_000j", "migrationStage":"NotStarted", "server":"GENERAL0100000H"}}
{"logTime": "1029/233153", "correlationVector":"BJpOVv4EgeXYpNTlS/zLqf.2","action":"Commit Response", "result":"SYNCER_OK", "context":Result: SYNCER_OK. cV=BJpOVv4EgeXYpNTlS/zLqf.0;server=GENERAL0100000H;cloudType=Consumer;environment=Prod_SoutheastAsia_000j;migrationStage=NotStarted}
{"logTime": "1029/233420", "correlationVector":"AUNrzVTIBeNJIAuf7NmNuu","action":"Normal GetUpdate request", "result":"", "context":cV=AUNrzVTIBeNJIAuf7NmNuu
Notified types: Typed URLs}
{"logTime": "1029/233421", "correlationVector":"AUNrzVTIBeNJIAuf7NmNuu.1","action":"SyncServerConnectionManagerRequest", "result":"SYNC_SERVER_OK", "context":{"environment":"Prod_SoutheastAsia_000j", "migrationStage":"NotStarted", "server":"GENERAL0100000B"}}
{"logTime": "1029/233421", "correlationVector":"AUNrzVTIBeNJIAuf7NmNuu.2","action":"GetUpdates Response", "result":"SYNCER_OK", "context":Received 8 update(s). cV=AUNrzVTIBeNJIAuf7NmNuu.0;server=GENERAL0100000B;cloudType=Consumer;environment=Prod_SoutheastAsia_000j;migrationStage=NotStarted}
{"logTime": "1029/233922", "correlationVector":"NkF9iJg7b1osWXvkuD9xfD","action":"Normal GetUpdate request", "result":"", "context":cV=NkF9iJg7b1osWXvkuD9xfD
Notified types: Typed URLs}
{"logTime": "1029/233922", "correlationVector":"NkF9iJg7b1osWXvkuD9xfD.1","action":"SyncServerConnectionManagerRequest", "result":"SYNC_SERVER_OK", "context":{"environment":"Prod_SoutheastAsia_000j", "migrationStage":"NotStarted", "server":"GENERAL0100000M"}}
{"logTime": "1029/233923", "correlationVector":"NkF9iJg7b1osWXvkuD9xfD.2","action":"GetUpdates Response", "result":"SYNCER_OK", "context":Received 2 update(s). cV=NkF9iJg7b1osWXvkuD9xfD.0;server=GENERAL0100000M;cloudType=Consumer;environment=Prod_SoutheastAsia_000j;migrationStage=NotStarted}
